[2026-01-15 13:27:46.768 +03:00 INF] Запуск приложения {"Application":"TaskManager"}
[2026-01-15 13:27:46.928 +03:00 FTL] Приложение не удалось запустить {"Application":"TaskManager"}
Microsoft.Extensions.Hosting.HostAbortedException: The host was aborted.
   at Microsoft.Extensions.Hosting.HostFactoryResolver.HostingListener.ThrowHostAborted()
   at Microsoft.Extensions.Hosting.HostFactoryResolver.HostingListener.OnNext(KeyValuePair`2 value)
   at System.Diagnostics.DiagnosticListener.Write(String name, Object value)
   at Microsoft.Extensions.Hosting.HostBuilder.ResolveHost(IServiceProvider serviceProvider, DiagnosticListener diagnosticListener)
   at Microsoft.Extensions.Hosting.HostApplicationBuilder.Build()
   at Microsoft.AspNetCore.Builder.WebApplicationBuilder.Build()
   at Program.<Main>$(String[] args) in /home/hanich/TaskManager/TaskManager.API/Program.cs:line 51
[2026-01-15 13:28:30.652 +03:00 INF] Запуск приложения {"Application":"TaskManager"}
[2026-01-15 13:28:30.754 +03:00 FTL] Приложение не удалось запустить {"Application":"TaskManager"}
Microsoft.Extensions.Hosting.HostAbortedException: The host was aborted.
   at Microsoft.Extensions.Hosting.HostFactoryResolver.HostingListener.ThrowHostAborted()
   at Microsoft.Extensions.Hosting.HostFactoryResolver.HostingListener.OnNext(KeyValuePair`2 value)
   at System.Diagnostics.DiagnosticListener.Write(String name, Object value)
   at Microsoft.Extensions.Hosting.HostBuilder.ResolveHost(IServiceProvider serviceProvider, DiagnosticListener diagnosticListener)
   at Microsoft.Extensions.Hosting.HostApplicationBuilder.Build()
   at Microsoft.AspNetCore.Builder.WebApplicationBuilder.Build()
   at Program.<Main>$(String[] args) in /home/hanich/TaskManager/TaskManager.API/Program.cs:line 51
[2026-01-15 18:52:30.086 +03:00 INF] Запуск приложения TaskManager {"Application":"TaskManager"}
[2026-01-15 18:52:30.312 +03:00 INF] Приложение успешно запущено {"Application":"TaskManager"}
[2026-01-15 18:52:33.576 +03:00 WRN] Failed to determine the https port for redirect. {"EventId":{"Id":3,"Name":"FailedToDeterminePort"},"SourceContext":"Microsoft.AspNetCore.HttpsPolicy.HttpsRedirectionMiddleware","RequestId":"0HNIK9OCEKR6I:00000001","RequestPath":"/swagger/swagger-ui-bundle.js","ConnectionId":"0HNIK9OCEKR6I","Application":"TaskManager"}
[2026-01-15 18:52:33.603 +03:00 INF] HTTP GET /swagger/swagger-ui-bundle.js responded 404 in 28.8080 ms {"SourceContext":"Serilog.AspNetCore.RequestLoggingMiddleware","RequestId":"0HNIK9OCEKR6I:00000001","ConnectionId":"0HNIK9OCEKR6I","Application":"TaskManager"}
[2026-01-15 18:52:40.503 +03:00 INF] HTTP GET /scala responded 404 in 1.1913 ms {"SourceContext":"Serilog.AspNetCore.RequestLoggingMiddleware","RequestId":"0HNIK9OCEKR6I:00000003","ConnectionId":"0HNIK9OCEKR6I","Application":"TaskManager"}
[2026-01-15 18:52:48.788 +03:00 INF] HTTP GET /scalar responded 302 in 7.8242 ms {"SourceContext":"Serilog.AspNetCore.RequestLoggingMiddleware","RequestId":"0HNIK9OCEKR6I:00000004","ConnectionId":"0HNIK9OCEKR6I","Application":"TaskManager"}
[2026-01-15 18:52:48.895 +03:00 INF] HTTP GET /scalar/ responded 200 in 100.6989 ms {"SourceContext":"Serilog.AspNetCore.RequestLoggingMiddleware","RequestId":"0HNIK9OCEKR6I:00000005","ConnectionId":"0HNIK9OCEKR6I","Application":"TaskManager"}
[2026-01-15 18:52:48.906 +03:00 INF] HTTP GET /scalar/scalar.aspnetcore.js responded 200 in 6.2536 ms {"SourceContext":"Serilog.AspNetCore.RequestLoggingMiddleware","RequestId":"0HNIK9OCEKR6J:00000001","ConnectionId":"0HNIK9OCEKR6J","Application":"TaskManager"}
[2026-01-15 18:52:48.911 +03:00 INF] HTTP GET /scalar/scalar.js responded 200 in 13.0978 ms {"SourceContext":"Serilog.AspNetCore.RequestLoggingMiddleware","RequestId":"0HNIK9OCEKR6I:00000006","ConnectionId":"0HNIK9OCEKR6I","Application":"TaskManager"}
[2026-01-15 18:52:49.292 +03:00 INF] HTTP GET /openapi/v1.json responded 200 in 151.2796 ms {"SourceContext":"Serilog.AspNetCore.RequestLoggingMiddleware","RequestId":"0HNIK9OCEKR6I:00000007","ConnectionId":"0HNIK9OCEKR6I","Application":"TaskManager"}
[2026-01-15 18:52:49.806 +03:00 INF] HTTP GET /scalar/favicon.svg responded 200 in 0.2849 ms {"SourceContext":"Serilog.AspNetCore.RequestLoggingMiddleware","RequestId":"0HNIK9OCEKR6I:00000008","ConnectionId":"0HNIK9OCEKR6I","Application":"TaskManager"}
[2026-01-15 18:53:31.826 +03:00 INF] HTTP GET /api/Auth/me responded 401 in 4.3957 ms {"SourceContext":"Serilog.AspNetCore.RequestLoggingMiddleware","RequestId":"0HNIK9OCEKR6I:00000009","ConnectionId":"0HNIK9OCEKR6I","Application":"TaskManager"}
[2026-01-15 18:54:18.818 +03:00 INF] HTTP POST /api/Auth/register responded 400 in 147.5620 ms {"SourceContext":"Serilog.AspNetCore.RequestLoggingMiddleware","RequestId":"0HNIK9OCEKR6I:0000000A","ConnectionId":"0HNIK9OCEKR6I","Application":"TaskManager"}
[2026-01-15 18:54:34.142 +03:00 INF] Регистрация нового пользователя: han@mail.ru {"SourceContext":"TaskManager.Application.Services.AuthService","ActionId":"0905a800-1919-4f84-aca3-bf3f7e90d2c2","ActionName":"TaskManager.API.Controllers.AuthController.Register (TaskManager.API)","RequestId":"0HNIK9OCEKR6I:0000000B","RequestPath":"/api/Auth/register","ConnectionId":"0HNIK9OCEKR6I","Application":"TaskManager"}
[2026-01-15 18:54:42.320 +03:00 ERR] An error occurred using the connection to database 'taskmanagerdb' on server 'tcp://localhost:5432'. {"EventId":{"Id":20004,"Name":"Microsoft.EntityFrameworkCore.Database.Connection.ConnectionError"},"SourceContext":"Microsoft.EntityFrameworkCore.Database.Connection","ActionId":"0905a800-1919-4f84-aca3-bf3f7e90d2c2","ActionName":"TaskManager.API.Controllers.AuthController.Register (TaskManager.API)","RequestId":"0HNIK9OCEKR6I:0000000B","RequestPath":"/api/Auth/register","ConnectionId":"0HNIK9OCEKR6I","Application":"TaskManager"}
[2026-01-15 18:54:42.338 +03:00 ERR] An exception occurred while iterating over the results of a query for context type 'TaskManager.Infrastructure.Data.ApplicationDbContext'.
System.InvalidOperationException: An exception has been raised that is likely due to a transient failure.
 ---> Npgsql.NpgsqlException (0x80004005): Failed to connect to 127.0.0.1:5432
 ---> System.Net.Sockets.SocketException (111): Connection refused
   at System.Net.Sockets.Socket.AwaitableSocketAsyncEventArgs.ThrowException(SocketError error, CancellationToken cancellationToken)
   at System.Net.Sockets.Socket.AwaitableSocketAsyncEventArgs.System.Threading.Tasks.Sources.IValueTaskSource.GetResult(Int16 token)
   at Npgsql.Internal.NpgsqlConnector.ConnectAsync(NpgsqlTimeout timeout, CancellationToken cancellationToken)
   at Npgsql.Internal.NpgsqlConnector.ConnectAsync(NpgsqlTimeout timeout, CancellationToken cancellationToken)
   at Npgsql.Internal.NpgsqlConnector.RawOpen(NpgsqlTimeout timeout, Boolean async, CancellationToken cancellationToken)
   at Npgsql.Internal.NpgsqlConnector.<Open>g__OpenCore|209_0(NpgsqlConnector conn, String username, SslMode sslMode, GssEncryptionMode gssEncMode, NpgsqlTimeout timeout, Boolean async, CancellationToken cancellationToken)
   at Npgsql.Internal.NpgsqlConnector.Open(NpgsqlTimeout timeout, Boolean async, CancellationToken cancellationToken)
   at Npgsql.PoolingDataSource.OpenNewConnector(NpgsqlConnection conn, NpgsqlTimeout timeout, Boolean async, CancellationToken cancellationToken)
   at Npgsql.PoolingDataSource.<Get>g__RentAsync|33_0(NpgsqlConnection conn, NpgsqlTimeout timeout, Boolean async, CancellationToken cancellationToken)
   at Npgsql.NpgsqlConnection.<Open>g__OpenAsync|42_0(Boolean async, CancellationToken cancellationToken)
   at Microsoft.EntityFrameworkCore.Storage.RelationalConnection.OpenInternalAsync(Boolean errorsExpected, CancellationToken cancellationToken)
   at Microsoft.EntityFrameworkCore.Storage.RelationalConnection.OpenInternalAsync(Boolean errorsExpected, CancellationToken cancellationToken)
   at Microsoft.EntityFrameworkCore.Storage.RelationalConnection.OpenAsync(CancellationToken cancellationToken, Boolean errorsExpected)
   at Microsoft.EntityFrameworkCore.Storage.RelationalCommand.ExecuteReaderAsync(RelationalCommandParameterObject parameterObject, CancellationToken cancellationToken)
   at Microsoft.EntityFrameworkCore.Query.Internal.SingleQueryingEnumerable`1.AsyncEnumerator.InitializeReaderAsync(AsyncEnumerator enumerator, CancellationToken cancellationToken)
   at Npgsql.EntityFrameworkCore.PostgreSQL.Storage.Internal.NpgsqlExecutionStrategy.ExecuteAsync[TState,TResult](TState state, Func`4 operation, Func`4 verifySucceeded, CancellationToken cancellationToken)
   --- End of inner exception stack trace ---
   at Npgsql.EntityFrameworkCore.PostgreSQL.Storage.Internal.NpgsqlExecutionStrategy.ExecuteAsync[TState,TResult](TState state, Func`4 operation, Func`4 verifySucceeded, CancellationToken cancellationToken)
   at Microsoft.EntityFrameworkCore.Query.Internal.SingleQueryingEnumerable`1.AsyncEnumerator.MoveNextAsync() {"EventId":{"Id":10100,"Name":"Microsoft.EntityFrameworkCore.Query.QueryIterationFailed"},"SourceContext":"Microsoft.EntityFrameworkCore.Query","ActionId":"0905a800-1919-4f84-aca3-bf3f7e90d2c2","ActionName":"TaskManager.API.Controllers.AuthController.Register (TaskManager.API)","RequestId":"0HNIK9OCEKR6I:0000000B","RequestPath":"/api/Auth/register","ConnectionId":"0HNIK9OCEKR6I","Application":"TaskManager"}
System.InvalidOperationException: An exception has been raised that is likely due to a transient failure.
 ---> Npgsql.NpgsqlException (0x80004005): Failed to connect to 127.0.0.1:5432
 ---> System.Net.Sockets.SocketException (111): Connection refused
   at System.Net.Sockets.Socket.AwaitableSocketAsyncEventArgs.ThrowException(SocketError error, CancellationToken cancellationToken)
   at System.Net.Sockets.Socket.AwaitableSocketAsyncEventArgs.System.Threading.Tasks.Sources.IValueTaskSource.GetResult(Int16 token)
   at Npgsql.Internal.NpgsqlConnector.ConnectAsync(NpgsqlTimeout timeout, CancellationToken cancellationToken)
   at Npgsql.Internal.NpgsqlConnector.ConnectAsync(NpgsqlTimeout timeout, CancellationToken cancellationToken)
   at Npgsql.Internal.NpgsqlConnector.RawOpen(NpgsqlTimeout timeout, Boolean async, CancellationToken cancellationToken)
   at Npgsql.Internal.NpgsqlConnector.<Open>g__OpenCore|209_0(NpgsqlConnector conn, String username, SslMode sslMode, GssEncryptionMode gssEncMode, NpgsqlTimeout timeout, Boolean async, CancellationToken cancellationToken)
   at Npgsql.Internal.NpgsqlConnector.Open(NpgsqlTimeout timeout, Boolean async, CancellationToken cancellationToken)
   at Npgsql.PoolingDataSource.OpenNewConnector(NpgsqlConnection conn, NpgsqlTimeout timeout, Boolean async, CancellationToken cancellationToken)
   at Npgsql.PoolingDataSource.<Get>g__RentAsync|33_0(NpgsqlConnection conn, NpgsqlTimeout timeout, Boolean async, CancellationToken cancellationToken)
   at Npgsql.NpgsqlConnection.<Open>g__OpenAsync|42_0(Boolean async, CancellationToken cancellationToken)
   at Microsoft.EntityFrameworkCore.Storage.RelationalConnection.OpenInternalAsync(Boolean errorsExpected, CancellationToken cancellationToken)
   at Microsoft.EntityFrameworkCore.Storage.RelationalConnection.OpenInternalAsync(Boolean errorsExpected, CancellationToken cancellationToken)
   at Microsoft.EntityFrameworkCore.Storage.RelationalConnection.OpenAsync(CancellationToken cancellationToken, Boolean errorsExpected)
   at Microsoft.EntityFrameworkCore.Storage.RelationalCommand.ExecuteReaderAsync(RelationalCommandParameterObject parameterObject, CancellationToken cancellationToken)
   at Microsoft.EntityFrameworkCore.Query.Internal.SingleQueryingEnumerable`1.AsyncEnumerator.InitializeReaderAsync(AsyncEnumerator enumerator, CancellationToken cancellationToken)
   at Npgsql.EntityFrameworkCore.PostgreSQL.Storage.Internal.NpgsqlExecutionStrategy.ExecuteAsync[TState,TResult](TState state, Func`4 operation, Func`4 verifySucceeded, CancellationToken cancellationToken)
   --- End of inner exception stack trace ---
   at Npgsql.EntityFrameworkCore.PostgreSQL.Storage.Internal.NpgsqlExecutionStrategy.ExecuteAsync[TState,TResult](TState state, Func`4 operation, Func`4 verifySucceeded, CancellationToken cancellationToken)
   at Microsoft.EntityFrameworkCore.Query.Internal.SingleQueryingEnumerable`1.AsyncEnumerator.MoveNextAsync()
[2026-01-15 18:54:42.343 +03:00 ERR] HTTP POST /api/Auth/register responded 500 in 8210.3587 ms {"SourceContext":"Serilog.AspNetCore.RequestLoggingMiddleware","RequestId":"0HNIK9OCEKR6I:0000000B","ConnectionId":"0HNIK9OCEKR6I","Application":"TaskManager"}
System.InvalidOperationException: An exception has been raised that is likely due to a transient failure.
 ---> Npgsql.NpgsqlException (0x80004005): Failed to connect to 127.0.0.1:5432
 ---> System.Net.Sockets.SocketException (111): Connection refused
   at System.Net.Sockets.Socket.AwaitableSocketAsyncEventArgs.ThrowException(SocketError error, CancellationToken cancellationToken)
   at System.Net.Sockets.Socket.AwaitableSocketAsyncEventArgs.System.Threading.Tasks.Sources.IValueTaskSource.GetResult(Int16 token)
   at Npgsql.Internal.NpgsqlConnector.ConnectAsync(NpgsqlTimeout timeout, CancellationToken cancellationToken)
   at Npgsql.Internal.NpgsqlConnector.ConnectAsync(NpgsqlTimeout timeout, CancellationToken cancellationToken)
   at Npgsql.Internal.NpgsqlConnector.RawOpen(NpgsqlTimeout timeout, Boolean async, CancellationToken cancellationToken)
   at Npgsql.Internal.NpgsqlConnector.<Open>g__OpenCore|209_0(NpgsqlConnector conn, String username, SslMode sslMode, GssEncryptionMode gssEncMode, NpgsqlTimeout timeout, Boolean async, CancellationToken cancellationToken)
   at Npgsql.Internal.NpgsqlConnector.Open(NpgsqlTimeout timeout, Boolean async, CancellationToken cancellationToken)
   at Npgsql.PoolingDataSource.OpenNewConnector(NpgsqlConnection conn, NpgsqlTimeout timeout, Boolean async, CancellationToken cancellationToken)
   at Npgsql.PoolingDataSource.<Get>g__RentAsync|33_0(NpgsqlConnection conn, NpgsqlTimeout timeout, Boolean async, CancellationToken cancellationToken)
   at Npgsql.NpgsqlConnection.<Open>g__OpenAsync|42_0(Boolean async, CancellationToken cancellationToken)
   at Microsoft.EntityFrameworkCore.Storage.RelationalConnection.OpenInternalAsync(Boolean errorsExpected, CancellationToken cancellationToken)
   at Microsoft.EntityFrameworkCore.Storage.RelationalConnection.OpenInternalAsync(Boolean errorsExpected, CancellationToken cancellationToken)
   at Microsoft.EntityFrameworkCore.Storage.RelationalConnection.OpenAsync(CancellationToken cancellationToken, Boolean errorsExpected)
   at Microsoft.EntityFrameworkCore.Storage.RelationalCommand.ExecuteReaderAsync(RelationalCommandParameterObject parameterObject, CancellationToken cancellationToken)
   at Microsoft.EntityFrameworkCore.Query.Internal.SingleQueryingEnumerable`1.AsyncEnumerator.InitializeReaderAsync(AsyncEnumerator enumerator, CancellationToken cancellationToken)
   at Npgsql.EntityFrameworkCore.PostgreSQL.Storage.Internal.NpgsqlExecutionStrategy.ExecuteAsync[TState,TResult](TState state, Func`4 operation, Func`4 verifySucceeded, CancellationToken cancellationToken)
   --- End of inner exception stack trace ---
   at Npgsql.EntityFrameworkCore.PostgreSQL.Storage.Internal.NpgsqlExecutionStrategy.ExecuteAsync[TState,TResult](TState state, Func`4 operation, Func`4 verifySucceeded, CancellationToken cancellationToken)
   at Microsoft.EntityFrameworkCore.Query.Internal.SingleQueryingEnumerable`1.AsyncEnumerator.MoveNextAsync()
   at Microsoft.EntityFrameworkCore.Query.ShapedQueryCompilingExpressionVisitor.SingleOrDefaultAsync[TSource](IAsyncEnumerable`1 asyncEnumerable, CancellationToken cancellationToken)
   at Microsoft.EntityFrameworkCore.Query.ShapedQueryCompilingExpressionVisitor.SingleOrDefaultAsync[TSource](IAsyncEnumerable`1 asyncEnumerable, CancellationToken cancellationToken)
   at TaskManager.Infrastructure.Repositories.UserRepository.GetByEmailAsync(String email) in /home/hanich/TaskManager/TaskManager.Infrastructure/Repositories/UserRepository.cs:line 41
   at TaskManager.Application.Services.AuthService.RegisterAsync(RegisterDto dto) in /home/hanich/TaskManager/TaskManager.Application/Services/AuthService.cs:line 36
   at TaskManager.API.Controllers.AuthController.Register(RegisterDto dto) in /home/hanich/TaskManager/TaskManager.API/Controllers/AuthController.cs:line 29
   at lambda_method4(Closure, Object)
   at Microsoft.AspNetCore.Mvc.Infrastructure.ActionMethodExecutor.AwaitableObjectResultExecutor.Execute(ActionContext actionContext, IActionResultTypeMapper mapper, ObjectMethodExecutor executor, Object controller, Object[] arguments)
   at Microsoft.AspNetCore.Mvc.Infrastructure.ControllerActionInvoker.<InvokeActionMethodAsync>g__Awaited|12_0(ControllerActionInvoker invoker, ValueTask`1 actionResultValueTask)
   at Microsoft.AspNetCore.Mvc.Infrastructure.ControllerActionInvoker.<InvokeNextActionFilterAsync>g__Awaited|10_0(ControllerActionInvoker invoker, Task lastTask, State next, Scope scope, Object state, Boolean isCompleted)
   at Microsoft.AspNetCore.Mvc.Infrastructure.ControllerActionInvoker.Rethrow(ActionExecutedContextSealed context)
   at Microsoft.AspNetCore.Mvc.Infrastructure.ControllerActionInvoker.Next(State& next, Scope& scope, Object& state, Boolean& isCompleted)
   at Microsoft.AspNetCore.Mvc.Infrastructure.ControllerActionInvoker.<InvokeInnerFilterAsync>g__Awaited|13_0(ControllerActionInvoker invoker, Task lastTask, State next, Scope scope, Object state, Boolean isCompleted)
   at Microsoft.AspNetCore.Mvc.Infrastructure.ResourceInvoker.<InvokeFilterPipelineAsync>g__Awaited|20_0(ResourceInvoker invoker, Task lastTask, State next, Scope scope, Object state, Boolean isCompleted)
   at Microsoft.AspNetCore.Mvc.Infrastructure.ResourceInvoker.<InvokeAsync>g__Awaited|17_0(ResourceInvoker invoker, Task task, IDisposable scope)
   at Microsoft.AspNetCore.Mvc.Infrastructure.ResourceInvoker.<InvokeAsync>g__Awaited|17_0(ResourceInvoker invoker, Task task, IDisposable scope)
   at Microsoft.AspNetCore.Authorization.AuthorizationMiddleware.Invoke(HttpContext context)
   at Microsoft.AspNetCore.Authentication.AuthenticationMiddleware.Invoke(HttpContext context)
   at Serilog.AspNetCore.RequestLoggingMiddleware.Invoke(HttpContext httpContext)
[2026-01-15 18:54:42.351 +03:00 ERR] Необработанное исключение: An exception has been raised that is likely due to a transient failure. {"SourceContext":"TaskManager.API.Middleware.GlobalExceptionHandlerMiddleware","RequestId":"0HNIK9OCEKR6I:0000000B","RequestPath":"/api/Auth/register","ConnectionId":"0HNIK9OCEKR6I","Application":"TaskManager"}
System.InvalidOperationException: An exception has been raised that is likely due to a transient failure.
 ---> Npgsql.NpgsqlException (0x80004005): Failed to connect to 127.0.0.1:5432
 ---> System.Net.Sockets.SocketException (111): Connection refused
   at System.Net.Sockets.Socket.AwaitableSocketAsyncEventArgs.ThrowException(SocketError error, CancellationToken cancellationToken)
   at System.Net.Sockets.Socket.AwaitableSocketAsyncEventArgs.System.Threading.Tasks.Sources.IValueTaskSource.GetResult(Int16 token)
   at Npgsql.Internal.NpgsqlConnector.ConnectAsync(NpgsqlTimeout timeout, CancellationToken cancellationToken)
   at Npgsql.Internal.NpgsqlConnector.ConnectAsync(NpgsqlTimeout timeout, CancellationToken cancellationToken)
   at Npgsql.Internal.NpgsqlConnector.RawOpen(NpgsqlTimeout timeout, Boolean async, CancellationToken cancellationToken)
   at Npgsql.Internal.NpgsqlConnector.<Open>g__OpenCore|209_0(NpgsqlConnector conn, String username, SslMode sslMode, GssEncryptionMode gssEncMode, NpgsqlTimeout timeout, Boolean async, CancellationToken cancellationToken)
   at Npgsql.Internal.NpgsqlConnector.Open(NpgsqlTimeout timeout, Boolean async, CancellationToken cancellationToken)
   at Npgsql.PoolingDataSource.OpenNewConnector(NpgsqlConnection conn, NpgsqlTimeout timeout, Boolean async, CancellationToken cancellationToken)
   at Npgsql.PoolingDataSource.<Get>g__RentAsync|33_0(NpgsqlConnection conn, NpgsqlTimeout timeout, Boolean async, CancellationToken cancellationToken)
   at Npgsql.NpgsqlConnection.<Open>g__OpenAsync|42_0(Boolean async, CancellationToken cancellationToken)
   at Microsoft.EntityFrameworkCore.Storage.RelationalConnection.OpenInternalAsync(Boolean errorsExpected, CancellationToken cancellationToken)
   at Microsoft.EntityFrameworkCore.Storage.RelationalConnection.OpenInternalAsync(Boolean errorsExpected, CancellationToken cancellationToken)
   at Microsoft.EntityFrameworkCore.Storage.RelationalConnection.OpenAsync(CancellationToken cancellationToken, Boolean errorsExpected)
   at Microsoft.EntityFrameworkCore.Storage.RelationalCommand.ExecuteReaderAsync(RelationalCommandParameterObject parameterObject, CancellationToken cancellationToken)
   at Microsoft.EntityFrameworkCore.Query.Internal.SingleQueryingEnumerable`1.AsyncEnumerator.InitializeReaderAsync(AsyncEnumerator enumerator, CancellationToken cancellationToken)
   at Npgsql.EntityFrameworkCore.PostgreSQL.Storage.Internal.NpgsqlExecutionStrategy.ExecuteAsync[TState,TResult](TState state, Func`4 operation, Func`4 verifySucceeded, CancellationToken cancellationToken)
   --- End of inner exception stack trace ---
   at Npgsql.EntityFrameworkCore.PostgreSQL.Storage.Internal.NpgsqlExecutionStrategy.ExecuteAsync[TState,TResult](TState state, Func`4 operation, Func`4 verifySucceeded, CancellationToken cancellationToken)
   at Microsoft.EntityFrameworkCore.Query.Internal.SingleQueryingEnumerable`1.AsyncEnumerator.MoveNextAsync()
   at Microsoft.EntityFrameworkCore.Query.ShapedQueryCompilingExpressionVisitor.SingleOrDefaultAsync[TSource](IAsyncEnumerable`1 asyncEnumerable, CancellationToken cancellationToken)
   at Microsoft.EntityFrameworkCore.Query.ShapedQueryCompilingExpressionVisitor.SingleOrDefaultAsync[TSource](IAsyncEnumerable`1 asyncEnumerable, CancellationToken cancellationToken)
   at TaskManager.Infrastructure.Repositories.UserRepository.GetByEmailAsync(String email) in /home/hanich/TaskManager/TaskManager.Infrastructure/Repositories/UserRepository.cs:line 41
   at TaskManager.Application.Services.AuthService.RegisterAsync(RegisterDto dto) in /home/hanich/TaskManager/TaskManager.Application/Services/AuthService.cs:line 36
   at TaskManager.API.Controllers.AuthController.Register(RegisterDto dto) in /home/hanich/TaskManager/TaskManager.API/Controllers/AuthController.cs:line 29
   at lambda_method4(Closure, Object)
   at Microsoft.AspNetCore.Mvc.Infrastructure.ActionMethodExecutor.AwaitableObjectResultExecutor.Execute(ActionContext actionContext, IActionResultTypeMapper mapper, ObjectMethodExecutor executor, Object controller, Object[] arguments)
   at Microsoft.AspNetCore.Mvc.Infrastructure.ControllerActionInvoker.<InvokeActionMethodAsync>g__Awaited|12_0(ControllerActionInvoker invoker, ValueTask`1 actionResultValueTask)
   at Microsoft.AspNetCore.Mvc.Infrastructure.ControllerActionInvoker.<InvokeNextActionFilterAsync>g__Awaited|10_0(ControllerActionInvoker invoker, Task lastTask, State next, Scope scope, Object state, Boolean isCompleted)
   at Microsoft.AspNetCore.Mvc.Infrastructure.ControllerActionInvoker.Rethrow(ActionExecutedContextSealed context)
   at Microsoft.AspNetCore.Mvc.Infrastructure.ControllerActionInvoker.Next(State& next, Scope& scope, Object& state, Boolean& isCompleted)
   at Microsoft.AspNetCore.Mvc.Infrastructure.ControllerActionInvoker.<InvokeInnerFilterAsync>g__Awaited|13_0(ControllerActionInvoker invoker, Task lastTask, State next, Scope scope, Object state, Boolean isCompleted)
   at Microsoft.AspNetCore.Mvc.Infrastructure.ResourceInvoker.<InvokeFilterPipelineAsync>g__Awaited|20_0(ResourceInvoker invoker, Task lastTask, State next, Scope scope, Object state, Boolean isCompleted)
   at Microsoft.AspNetCore.Mvc.Infrastructure.ResourceInvoker.<InvokeAsync>g__Awaited|17_0(ResourceInvoker invoker, Task task, IDisposable scope)
   at Microsoft.AspNetCore.Mvc.Infrastructure.ResourceInvoker.<InvokeAsync>g__Awaited|17_0(ResourceInvoker invoker, Task task, IDisposable scope)
   at Microsoft.AspNetCore.Authorization.AuthorizationMiddleware.Invoke(HttpContext context)
   at Microsoft.AspNetCore.Authentication.AuthenticationMiddleware.Invoke(HttpContext context)
   at Serilog.AspNetCore.RequestLoggingMiddleware.Invoke(HttpContext httpContext)
   at TaskManager.API.Middleware.GlobalExceptionHandlerMiddleware.InvokeAsync(HttpContext context) in /home/hanich/TaskManager/TaskManager.API/Middleware/GlobalExceptionHandlerMiddleware.cs:line 24
[2026-01-15 18:54:47.908 +03:00 INF] Регистрация нового пользователя: han@mail.ru {"SourceContext":"TaskManager.Application.Services.AuthService","ActionId":"0905a800-1919-4f84-aca3-bf3f7e90d2c2","ActionName":"TaskManager.API.Controllers.AuthController.Register (TaskManager.API)","RequestId":"0HNIK9OCEKR6I:0000000C","RequestPath":"/api/Auth/register","ConnectionId":"0HNIK9OCEKR6I","Application":"TaskManager"}
[2026-01-15 18:54:55.421 +03:00 ERR] An error occurred using the connection to database 'taskmanagerdb' on server 'tcp://localhost:5432'. {"EventId":{"Id":20004,"Name":"Microsoft.EntityFrameworkCore.Database.Connection.ConnectionError"},"SourceContext":"Microsoft.EntityFrameworkCore.Database.Connection","ActionId":"0905a800-1919-4f84-aca3-bf3f7e90d2c2","ActionName":"TaskManager.API.Controllers.AuthController.Register (TaskManager.API)","RequestId":"0HNIK9OCEKR6I:0000000C","RequestPath":"/api/Auth/register","ConnectionId":"0HNIK9OCEKR6I","Application":"TaskManager"}
[2026-01-15 18:54:55.423 +03:00 ERR] An exception occurred while iterating over the results of a query for context type 'TaskManager.Infrastructure.Data.ApplicationDbContext'.
System.InvalidOperationException: An exception has been raised that is likely due to a transient failure.
 ---> Npgsql.NpgsqlException (0x80004005): Failed to connect to 127.0.0.1:5432
 ---> System.Net.Sockets.SocketException (111): Connection refused
   at System.Net.Sockets.Socket.AwaitableSocketAsyncEventArgs.ThrowException(SocketError error, CancellationToken cancellationToken)
   at System.Net.Sockets.Socket.AwaitableSocketAsyncEventArgs.System.Threading.Tasks.Sources.IValueTaskSource.GetResult(Int16 token)
   at Npgsql.Internal.NpgsqlConnector.ConnectAsync(NpgsqlTimeout timeout, CancellationToken cancellationToken)
   at Npgsql.Internal.NpgsqlConnector.ConnectAsync(NpgsqlTimeout timeout, CancellationToken cancellationToken)
   at Npgsql.Internal.NpgsqlConnector.RawOpen(NpgsqlTimeout timeout, Boolean async, CancellationToken cancellationToken)
   at Npgsql.Internal.NpgsqlConnector.<Open>g__OpenCore|209_0(NpgsqlConnector conn, String username, SslMode sslMode, GssEncryptionMode gssEncMode, NpgsqlTimeout timeout, Boolean async, CancellationToken cancellationToken)
   at Npgsql.Internal.NpgsqlConnector.Open(NpgsqlTimeout timeout, Boolean async, CancellationToken cancellationToken)
   at Npgsql.PoolingDataSource.OpenNewConnector(NpgsqlConnection conn, NpgsqlTimeout timeout, Boolean async, CancellationToken cancellationToken)
   at Npgsql.PoolingDataSource.<Get>g__RentAsync|33_0(NpgsqlConnection conn, NpgsqlTimeout timeout, Boolean async, CancellationToken cancellationToken)
   at Npgsql.NpgsqlConnection.<Open>g__OpenAsync|42_0(Boolean async, CancellationToken cancellationToken)
   at Microsoft.EntityFrameworkCore.Storage.RelationalConnection.OpenInternalAsync(Boolean errorsExpected, CancellationToken cancellationToken)
   at Microsoft.EntityFrameworkCore.Storage.RelationalConnection.OpenInternalAsync(Boolean errorsExpected, CancellationToken cancellationToken)
   at Microsoft.EntityFrameworkCore.Storage.RelationalConnection.OpenAsync(CancellationToken cancellationToken, Boolean errorsExpected)
   at Microsoft.EntityFrameworkCore.Storage.RelationalCommand.ExecuteReaderAsync(RelationalCommandParameterObject parameterObject, CancellationToken cancellationToken)
   at Microsoft.EntityFrameworkCore.Query.Internal.SingleQueryingEnumerable`1.AsyncEnumerator.InitializeReaderAsync(AsyncEnumerator enumerator, CancellationToken cancellationToken)
   at Npgsql.EntityFrameworkCore.PostgreSQL.Storage.Internal.NpgsqlExecutionStrategy.ExecuteAsync[TState,TResult](TState state, Func`4 operation, Func`4 verifySucceeded, CancellationToken cancellationToken)
   --- End of inner exception stack trace ---
   at Npgsql.EntityFrameworkCore.PostgreSQL.Storage.Internal.NpgsqlExecutionStrategy.ExecuteAsync[TState,TResult](TState state, Func`4 operation, Func`4 verifySucceeded, CancellationToken cancellationToken)
   at Microsoft.EntityFrameworkCore.Query.Internal.SingleQueryingEnumerable`1.AsyncEnumerator.MoveNextAsync() {"EventId":{"Id":10100,"Name":"Microsoft.EntityFrameworkCore.Query.QueryIterationFailed"},"SourceContext":"Microsoft.EntityFrameworkCore.Query","ActionId":"0905a800-1919-4f84-aca3-bf3f7e90d2c2","ActionName":"TaskManager.API.Controllers.AuthController.Register (TaskManager.API)","RequestId":"0HNIK9OCEKR6I:0000000C","RequestPath":"/api/Auth/register","ConnectionId":"0HNIK9OCEKR6I","Application":"TaskManager"}
System.InvalidOperationException: An exception has been raised that is likely due to a transient failure.
 ---> Npgsql.NpgsqlException (0x80004005): Failed to connect to 127.0.0.1:5432
 ---> System.Net.Sockets.SocketException (111): Connection refused
   at System.Net.Sockets.Socket.AwaitableSocketAsyncEventArgs.ThrowException(SocketError error, CancellationToken cancellationToken)
   at System.Net.Sockets.Socket.AwaitableSocketAsyncEventArgs.System.Threading.Tasks.Sources.IValueTaskSource.GetResult(Int16 token)
   at Npgsql.Internal.NpgsqlConnector.ConnectAsync(NpgsqlTimeout timeout, CancellationToken cancellationToken)
   at Npgsql.Internal.NpgsqlConnector.ConnectAsync(NpgsqlTimeout timeout, CancellationToken cancellationToken)
   at Npgsql.Internal.NpgsqlConnector.RawOpen(NpgsqlTimeout timeout, Boolean async, CancellationToken cancellationToken)
   at Npgsql.Internal.NpgsqlConnector.<Open>g__OpenCore|209_0(NpgsqlConnector conn, String username, SslMode sslMode, GssEncryptionMode gssEncMode, NpgsqlTimeout timeout, Boolean async, CancellationToken cancellationToken)
   at Npgsql.Internal.NpgsqlConnector.Open(NpgsqlTimeout timeout, Boolean async, CancellationToken cancellationToken)
   at Npgsql.PoolingDataSource.OpenNewConnector(NpgsqlConnection conn, NpgsqlTimeout timeout, Boolean async, CancellationToken cancellationToken)
   at Npgsql.PoolingDataSource.<Get>g__RentAsync|33_0(NpgsqlConnection conn, NpgsqlTimeout timeout, Boolean async, CancellationToken cancellationToken)
   at Npgsql.NpgsqlConnection.<Open>g__OpenAsync|42_0(Boolean async, CancellationToken cancellationToken)
   at Microsoft.EntityFrameworkCore.Storage.RelationalConnection.OpenInternalAsync(Boolean errorsExpected, CancellationToken cancellationToken)
   at Microsoft.EntityFrameworkCore.Storage.RelationalConnection.OpenInternalAsync(Boolean errorsExpected, CancellationToken cancellationToken)
   at Microsoft.EntityFrameworkCore.Storage.RelationalConnection.OpenAsync(CancellationToken cancellationToken, Boolean errorsExpected)
   at Microsoft.EntityFrameworkCore.Storage.RelationalCommand.ExecuteReaderAsync(RelationalCommandParameterObject parameterObject, CancellationToken cancellationToken)
   at Microsoft.EntityFrameworkCore.Query.Internal.SingleQueryingEnumerable`1.AsyncEnumerator.InitializeReaderAsync(AsyncEnumerator enumerator, CancellationToken cancellationToken)
   at Npgsql.EntityFrameworkCore.PostgreSQL.Storage.Internal.NpgsqlExecutionStrategy.ExecuteAsync[TState,TResult](TState state, Func`4 operation, Func`4 verifySucceeded, CancellationToken cancellationToken)
   --- End of inner exception stack trace ---
   at Npgsql.EntityFrameworkCore.PostgreSQL.Storage.Internal.NpgsqlExecutionStrategy.ExecuteAsync[TState,TResult](TState state, Func`4 operation, Func`4 verifySucceeded, CancellationToken cancellationToken)
   at Microsoft.EntityFrameworkCore.Query.Internal.SingleQueryingEnumerable`1.AsyncEnumerator.MoveNextAsync()
[2026-01-15 18:54:55.425 +03:00 ERR] HTTP POST /api/Auth/register responded 500 in 7522.9006 ms {"SourceContext":"Serilog.AspNetCore.RequestLoggingMiddleware","RequestId":"0HNIK9OCEKR6I:0000000C","ConnectionId":"0HNIK9OCEKR6I","Application":"TaskManager"}
System.InvalidOperationException: An exception has been raised that is likely due to a transient failure.
 ---> Npgsql.NpgsqlException (0x80004005): Failed to connect to 127.0.0.1:5432
 ---> System.Net.Sockets.SocketException (111): Connection refused
   at System.Net.Sockets.Socket.AwaitableSocketAsyncEventArgs.ThrowException(SocketError error, CancellationToken cancellationToken)
   at System.Net.Sockets.Socket.AwaitableSocketAsyncEventArgs.System.Threading.Tasks.Sources.IValueTaskSource.GetResult(Int16 token)
   at Npgsql.Internal.NpgsqlConnector.ConnectAsync(NpgsqlTimeout timeout, CancellationToken cancellationToken)
   at Npgsql.Internal.NpgsqlConnector.ConnectAsync(NpgsqlTimeout timeout, CancellationToken cancellationToken)
   at Npgsql.Internal.NpgsqlConnector.RawOpen(NpgsqlTimeout timeout, Boolean async, CancellationToken cancellationToken)
   at Npgsql.Internal.NpgsqlConnector.<Open>g__OpenCore|209_0(NpgsqlConnector conn, String username, SslMode sslMode, GssEncryptionMode gssEncMode, NpgsqlTimeout timeout, Boolean async, CancellationToken cancellationToken)
   at Npgsql.Internal.NpgsqlConnector.Open(NpgsqlTimeout timeout, Boolean async, CancellationToken cancellationToken)
   at Npgsql.PoolingDataSource.OpenNewConnector(NpgsqlConnection conn, NpgsqlTimeout timeout, Boolean async, CancellationToken cancellationToken)
   at Npgsql.PoolingDataSource.<Get>g__RentAsync|33_0(NpgsqlConnection conn, NpgsqlTimeout timeout, Boolean async, CancellationToken cancellationToken)
   at Npgsql.NpgsqlConnection.<Open>g__OpenAsync|42_0(Boolean async, CancellationToken cancellationToken)
   at Microsoft.EntityFrameworkCore.Storage.RelationalConnection.OpenInternalAsync(Boolean errorsExpected, CancellationToken cancellationToken)
   at Microsoft.EntityFrameworkCore.Storage.RelationalConnection.OpenInternalAsync(Boolean errorsExpected, CancellationToken cancellationToken)
   at Microsoft.EntityFrameworkCore.Storage.RelationalConnection.OpenAsync(CancellationToken cancellationToken, Boolean errorsExpected)
   at Microsoft.EntityFrameworkCore.Storage.RelationalCommand.ExecuteReaderAsync(RelationalCommandParameterObject parameterObject, CancellationToken cancellationToken)
   at Microsoft.EntityFrameworkCore.Query.Internal.SingleQueryingEnumerable`1.AsyncEnumerator.InitializeReaderAsync(AsyncEnumerator enumerator, CancellationToken cancellationToken)
   at Npgsql.EntityFrameworkCore.PostgreSQL.Storage.Internal.NpgsqlExecutionStrategy.ExecuteAsync[TState,TResult](TState state, Func`4 operation, Func`4 verifySucceeded, CancellationToken cancellationToken)
   --- End of inner exception stack trace ---
   at Npgsql.EntityFrameworkCore.PostgreSQL.Storage.Internal.NpgsqlExecutionStrategy.ExecuteAsync[TState,TResult](TState state, Func`4 operation, Func`4 verifySucceeded, CancellationToken cancellationToken)
   at Microsoft.EntityFrameworkCore.Query.Internal.SingleQueryingEnumerable`1.AsyncEnumerator.MoveNextAsync()
   at Microsoft.EntityFrameworkCore.Query.ShapedQueryCompilingExpressionVisitor.SingleOrDefaultAsync[TSource](IAsyncEnumerable`1 asyncEnumerable, CancellationToken cancellationToken)
   at Microsoft.EntityFrameworkCore.Query.ShapedQueryCompilingExpressionVisitor.SingleOrDefaultAsync[TSource](IAsyncEnumerable`1 asyncEnumerable, CancellationToken cancellationToken)
   at TaskManager.Infrastructure.Repositories.UserRepository.GetByEmailAsync(String email) in /home/hanich/TaskManager/TaskManager.Infrastructure/Repositories/UserRepository.cs:line 41
   at TaskManager.Application.Services.AuthService.RegisterAsync(RegisterDto dto) in /home/hanich/TaskManager/TaskManager.Application/Services/AuthService.cs:line 36
   at TaskManager.API.Controllers.AuthController.Register(RegisterDto dto) in /home/hanich/TaskManager/TaskManager.API/Controllers/AuthController.cs:line 29
   at lambda_method4(Closure, Object)
   at Microsoft.AspNetCore.Mvc.Infrastructure.ActionMethodExecutor.AwaitableObjectResultExecutor.Execute(ActionContext actionContext, IActionResultTypeMapper mapper, ObjectMethodExecutor executor, Object controller, Object[] arguments)
   at Microsoft.AspNetCore.Mvc.Infrastructure.ControllerActionInvoker.<InvokeActionMethodAsync>g__Awaited|12_0(ControllerActionInvoker invoker, ValueTask`1 actionResultValueTask)
   at Microsoft.AspNetCore.Mvc.Infrastructure.ControllerActionInvoker.<InvokeNextActionFilterAsync>g__Awaited|10_0(ControllerActionInvoker invoker, Task lastTask, State next, Scope scope, Object state, Boolean isCompleted)
   at Microsoft.AspNetCore.Mvc.Infrastructure.ControllerActionInvoker.Rethrow(ActionExecutedContextSealed context)
   at Microsoft.AspNetCore.Mvc.Infrastructure.ControllerActionInvoker.Next(State& next, Scope& scope, Object& state, Boolean& isCompleted)
   at Microsoft.AspNetCore.Mvc.Infrastructure.ControllerActionInvoker.<InvokeInnerFilterAsync>g__Awaited|13_0(ControllerActionInvoker invoker, Task lastTask, State next, Scope scope, Object state, Boolean isCompleted)
   at Microsoft.AspNetCore.Mvc.Infrastructure.ResourceInvoker.<InvokeFilterPipelineAsync>g__Awaited|20_0(ResourceInvoker invoker, Task lastTask, State next, Scope scope, Object state, Boolean isCompleted)
   at Microsoft.AspNetCore.Mvc.Infrastructure.ResourceInvoker.<InvokeAsync>g__Awaited|17_0(ResourceInvoker invoker, Task task, IDisposable scope)
   at Microsoft.AspNetCore.Mvc.Infrastructure.ResourceInvoker.<InvokeAsync>g__Awaited|17_0(ResourceInvoker invoker, Task task, IDisposable scope)
   at Microsoft.AspNetCore.Authorization.AuthorizationMiddleware.Invoke(HttpContext context)
   at Microsoft.AspNetCore.Authentication.AuthenticationMiddleware.Invoke(HttpContext context)
   at Serilog.AspNetCore.RequestLoggingMiddleware.Invoke(HttpContext httpContext)
[2026-01-15 18:54:55.429 +03:00 ERR] Необработанное исключение: An exception has been raised that is likely due to a transient failure. {"SourceContext":"TaskManager.API.Middleware.GlobalExceptionHandlerMiddleware","RequestId":"0HNIK9OCEKR6I:0000000C","RequestPath":"/api/Auth/register","ConnectionId":"0HNIK9OCEKR6I","Application":"TaskManager"}
System.InvalidOperationException: An exception has been raised that is likely due to a transient failure.
 ---> Npgsql.NpgsqlException (0x80004005): Failed to connect to 127.0.0.1:5432
 ---> System.Net.Sockets.SocketException (111): Connection refused
   at System.Net.Sockets.Socket.AwaitableSocketAsyncEventArgs.ThrowException(SocketError error, CancellationToken cancellationToken)
   at System.Net.Sockets.Socket.AwaitableSocketAsyncEventArgs.System.Threading.Tasks.Sources.IValueTaskSource.GetResult(Int16 token)
   at Npgsql.Internal.NpgsqlConnector.ConnectAsync(NpgsqlTimeout timeout, CancellationToken cancellationToken)
   at Npgsql.Internal.NpgsqlConnector.ConnectAsync(NpgsqlTimeout timeout, CancellationToken cancellationToken)
   at Npgsql.Internal.NpgsqlConnector.RawOpen(NpgsqlTimeout timeout, Boolean async, CancellationToken cancellationToken)
   at Npgsql.Internal.NpgsqlConnector.<Open>g__OpenCore|209_0(NpgsqlConnector conn, String username, SslMode sslMode, GssEncryptionMode gssEncMode, NpgsqlTimeout timeout, Boolean async, CancellationToken cancellationToken)
   at Npgsql.Internal.NpgsqlConnector.Open(NpgsqlTimeout timeout, Boolean async, CancellationToken cancellationToken)
   at Npgsql.PoolingDataSource.OpenNewConnector(NpgsqlConnection conn, NpgsqlTimeout timeout, Boolean async, CancellationToken cancellationToken)
   at Npgsql.PoolingDataSource.<Get>g__RentAsync|33_0(NpgsqlConnection conn, NpgsqlTimeout timeout, Boolean async, CancellationToken cancellationToken)
   at Npgsql.NpgsqlConnection.<Open>g__OpenAsync|42_0(Boolean async, CancellationToken cancellationToken)
   at Microsoft.EntityFrameworkCore.Storage.RelationalConnection.OpenInternalAsync(Boolean errorsExpected, CancellationToken cancellationToken)
   at Microsoft.EntityFrameworkCore.Storage.RelationalConnection.OpenInternalAsync(Boolean errorsExpected, CancellationToken cancellationToken)
   at Microsoft.EntityFrameworkCore.Storage.RelationalConnection.OpenAsync(CancellationToken cancellationToken, Boolean errorsExpected)
   at Microsoft.EntityFrameworkCore.Storage.RelationalCommand.ExecuteReaderAsync(RelationalCommandParameterObject parameterObject, CancellationToken cancellationToken)
   at Microsoft.EntityFrameworkCore.Query.Internal.SingleQueryingEnumerable`1.AsyncEnumerator.InitializeReaderAsync(AsyncEnumerator enumerator, CancellationToken cancellationToken)
   at Npgsql.EntityFrameworkCore.PostgreSQL.Storage.Internal.NpgsqlExecutionStrategy.ExecuteAsync[TState,TResult](TState state, Func`4 operation, Func`4 verifySucceeded, CancellationToken cancellationToken)
   --- End of inner exception stack trace ---
   at Npgsql.EntityFrameworkCore.PostgreSQL.Storage.Internal.NpgsqlExecutionStrategy.ExecuteAsync[TState,TResult](TState state, Func`4 operation, Func`4 verifySucceeded, CancellationToken cancellationToken)
   at Microsoft.EntityFrameworkCore.Query.Internal.SingleQueryingEnumerable`1.AsyncEnumerator.MoveNextAsync()
   at Microsoft.EntityFrameworkCore.Query.ShapedQueryCompilingExpressionVisitor.SingleOrDefaultAsync[TSource](IAsyncEnumerable`1 asyncEnumerable, CancellationToken cancellationToken)
   at Microsoft.EntityFrameworkCore.Query.ShapedQueryCompilingExpressionVisitor.SingleOrDefaultAsync[TSource](IAsyncEnumerable`1 asyncEnumerable, CancellationToken cancellationToken)
   at TaskManager.Infrastructure.Repositories.UserRepository.GetByEmailAsync(String email) in /home/hanich/TaskManager/TaskManager.Infrastructure/Repositories/UserRepository.cs:line 41
   at TaskManager.Application.Services.AuthService.RegisterAsync(RegisterDto dto) in /home/hanich/TaskManager/TaskManager.Application/Services/AuthService.cs:line 36
   at TaskManager.API.Controllers.AuthController.Register(RegisterDto dto) in /home/hanich/TaskManager/TaskManager.API/Controllers/AuthController.cs:line 29
   at lambda_method4(Closure, Object)
   at Microsoft.AspNetCore.Mvc.Infrastructure.ActionMethodExecutor.AwaitableObjectResultExecutor.Execute(ActionContext actionContext, IActionResultTypeMapper mapper, ObjectMethodExecutor executor, Object controller, Object[] arguments)
   at Microsoft.AspNetCore.Mvc.Infrastructure.ControllerActionInvoker.<InvokeActionMethodAsync>g__Awaited|12_0(ControllerActionInvoker invoker, ValueTask`1 actionResultValueTask)
   at Microsoft.AspNetCore.Mvc.Infrastructure.ControllerActionInvoker.<InvokeNextActionFilterAsync>g__Awaited|10_0(ControllerActionInvoker invoker, Task lastTask, State next, Scope scope, Object state, Boolean isCompleted)
   at Microsoft.AspNetCore.Mvc.Infrastructure.ControllerActionInvoker.Rethrow(ActionExecutedContextSealed context)
   at Microsoft.AspNetCore.Mvc.Infrastructure.ControllerActionInvoker.Next(State& next, Scope& scope, Object& state, Boolean& isCompleted)
   at Microsoft.AspNetCore.Mvc.Infrastructure.ControllerActionInvoker.<InvokeInnerFilterAsync>g__Awaited|13_0(ControllerActionInvoker invoker, Task lastTask, State next, Scope scope, Object state, Boolean isCompleted)
   at Microsoft.AspNetCore.Mvc.Infrastructure.ResourceInvoker.<InvokeFilterPipelineAsync>g__Awaited|20_0(ResourceInvoker invoker, Task lastTask, State next, Scope scope, Object state, Boolean isCompleted)
   at Microsoft.AspNetCore.Mvc.Infrastructure.ResourceInvoker.<InvokeAsync>g__Awaited|17_0(ResourceInvoker invoker, Task task, IDisposable scope)
   at Microsoft.AspNetCore.Mvc.Infrastructure.ResourceInvoker.<InvokeAsync>g__Awaited|17_0(ResourceInvoker invoker, Task task, IDisposable scope)
   at Microsoft.AspNetCore.Authorization.AuthorizationMiddleware.Invoke(HttpContext context)
   at Microsoft.AspNetCore.Authentication.AuthenticationMiddleware.Invoke(HttpContext context)
   at Serilog.AspNetCore.RequestLoggingMiddleware.Invoke(HttpContext httpContext)
   at TaskManager.API.Middleware.GlobalExceptionHandlerMiddleware.InvokeAsync(HttpContext context) in /home/hanich/TaskManager/TaskManager.API/Middleware/GlobalExceptionHandlerMiddleware.cs:line 24
[2026-01-15 18:56:24.859 +03:00 INF] Запуск приложения TaskManager {"Application":"TaskManager"}
[2026-01-15 18:56:25.057 +03:00 INF] Приложение успешно запущено {"Application":"TaskManager"}
[2026-01-15 18:56:27.068 +03:00 WRN] Failed to determine the https port for redirect. {"EventId":{"Id":3,"Name":"FailedToDeterminePort"},"SourceContext":"Microsoft.AspNetCore.HttpsPolicy.HttpsRedirectionMiddleware","RequestId":"0HNIK9QI1DFFG:00000001","RequestPath":"/scalar/","ConnectionId":"0HNIK9QI1DFFG","Application":"TaskManager"}
[2026-01-15 18:56:27.183 +03:00 INF] HTTP GET /scalar/ responded 200 in 117.3233 ms {"SourceContext":"Serilog.AspNetCore.RequestLoggingMiddleware","RequestId":"0HNIK9QI1DFFG:00000001","ConnectionId":"0HNIK9QI1DFFG","Application":"TaskManager"}
[2026-01-15 18:56:27.196 +03:00 INF] HTTP GET /scalar/scalar.aspnetcore.js responded 200 in 5.5114 ms {"SourceContext":"Serilog.AspNetCore.RequestLoggingMiddleware","RequestId":"0HNIK9QI1DFFH:00000002","ConnectionId":"0HNIK9QI1DFFH","Application":"TaskManager"}
[2026-01-15 18:56:27.203 +03:00 INF] HTTP GET /scalar/scalar.js responded 200 in 7.8953 ms {"SourceContext":"Serilog.AspNetCore.RequestLoggingMiddleware","RequestId":"0HNIK9QI1DFFG:00000002","ConnectionId":"0HNIK9QI1DFFG","Application":"TaskManager"}
[2026-01-15 18:56:27.334 +03:00 INF] HTTP GET /scalar/favicon.svg responded 200 in 0.2061 ms {"SourceContext":"Serilog.AspNetCore.RequestLoggingMiddleware","RequestId":"0HNIK9QI1DFFH:00000003","ConnectionId":"0HNIK9QI1DFFH","Application":"TaskManager"}
[2026-01-15 18:56:27.468 +03:00 INF] HTTP GET /openapi/v1.json responded 200 in 158.7863 ms {"SourceContext":"Serilog.AspNetCore.RequestLoggingMiddleware","RequestId":"0HNIK9QI1DFFG:00000003","ConnectionId":"0HNIK9QI1DFFG","Application":"TaskManager"}
[2026-01-15 18:56:55.184 +03:00 INF] Регистрация нового пользователя: han@mail.ru {"SourceContext":"TaskManager.Application.Services.AuthService","ActionId":"70d8e00a-cfe1-44ea-8465-e18e89043063","ActionName":"TaskManager.API.Controllers.AuthController.Register (TaskManager.API)","RequestId":"0HNIK9QI1DFFG:00000004","RequestPath":"/api/Auth/register","ConnectionId":"0HNIK9QI1DFFG","Application":"TaskManager"}
[2026-01-15 18:57:03.909 +03:00 INF] Пользователь "e573818e-3adc-4d8c-ac83-f964b3b1a5e1" успешно зарегистрирован {"SourceContext":"TaskManager.Application.Services.AuthService","ActionId":"70d8e00a-cfe1-44ea-8465-e18e89043063","ActionName":"TaskManager.API.Controllers.AuthController.Register (TaskManager.API)","RequestId":"0HNIK9QI1DFFG:00000004","RequestPath":"/api/Auth/register","ConnectionId":"0HNIK9QI1DFFG","Application":"TaskManager"}
[2026-01-15 18:57:03.917 +03:00 INF] HTTP POST /api/Auth/register responded 200 in 8846.4041 ms {"SourceContext":"Serilog.AspNetCore.RequestLoggingMiddleware","RequestId":"0HNIK9QI1DFFG:00000004","ConnectionId":"0HNIK9QI1DFFG","Application":"TaskManager"}
[2026-01-15 18:57:24.163 +03:00 INF] HTTP GET /api/Auth/me responded 401 in 4.5240 ms {"SourceContext":"Serilog.AspNetCore.RequestLoggingMiddleware","RequestId":"0HNIK9QI1DFFG:00000006","ConnectionId":"0HNIK9QI1DFFG","Application":"TaskManager"}
[2026-01-15 19:01:51.085 +03:00 INF] Попытка входа: han@mail.ru {"SourceContext":"TaskManager.Application.Services.AuthService","ActionId":"04906ed3-1c8b-4caf-b79a-a8a8fed4302e","ActionName":"TaskManager.API.Controllers.AuthController.Login (TaskManager.API)","RequestId":"0HNIK9QI1DFFM:00000001","RequestPath":"/api/Auth/login","ConnectionId":"0HNIK9QI1DFFM","Application":"TaskManager"}
[2026-01-15 19:01:51.249 +03:00 INF] Пользователь "e573818e-3adc-4d8c-ac83-f964b3b1a5e1" успешно вошёл в систему {"SourceContext":"TaskManager.Application.Services.AuthService","ActionId":"04906ed3-1c8b-4caf-b79a-a8a8fed4302e","ActionName":"TaskManager.API.Controllers.AuthController.Login (TaskManager.API)","RequestId":"0HNIK9QI1DFFM:00000001","RequestPath":"/api/Auth/login","ConnectionId":"0HNIK9QI1DFFM","Application":"TaskManager"}
[2026-01-15 19:01:51.250 +03:00 INF] HTTP POST /api/Auth/login responded 200 in 173.9164 ms {"SourceContext":"Serilog.AspNetCore.RequestLoggingMiddleware","RequestId":"0HNIK9QI1DFFM:00000001","ConnectionId":"0HNIK9QI1DFFM","Application":"TaskManager"}
[2026-01-15 19:35:45.642 +03:00 INF] Запуск приложения TaskManager {"Application":"TaskManager"}
[2026-01-15 19:35:45.896 +03:00 INF] Приложение успешно запущено {"Application":"TaskManager"}
[2026-01-15 19:35:52.655 +03:00 WRN] Failed to determine the https port for redirect. {"EventId":{"Id":3,"Name":"FailedToDeterminePort"},"SourceContext":"Microsoft.AspNetCore.HttpsPolicy.HttpsRedirectionMiddleware","RequestId":"0HNIKAGJ1CKNM:00000001","RequestPath":"/swagger/swagger-ui-bundle.js","ConnectionId":"0HNIKAGJ1CKNM","Application":"TaskManager"}
[2026-01-15 19:35:52.681 +03:00 INF] HTTP GET /swagger/swagger-ui-bundle.js responded 404 in 28.8773 ms {"SourceContext":"Serilog.AspNetCore.RequestLoggingMiddleware","RequestId":"0HNIKAGJ1CKNM:00000001","ConnectionId":"0HNIKAGJ1CKNM","Application":"TaskManager"}
[2026-01-15 19:35:52.692 +03:00 INF] HTTP GET /_framework/aspnetcore-browser-refresh.js responded 404 in 1.0683 ms {"SourceContext":"Serilog.AspNetCore.RequestLoggingMiddleware","RequestId":"0HNIKAGJ1CKNN:00000001","ConnectionId":"0HNIKAGJ1CKNN","Application":"TaskManager"}
[2026-01-15 19:36:00.453 +03:00 INF] HTTP GET /scalar responded 302 in 7.3717 ms {"SourceContext":"Serilog.AspNetCore.RequestLoggingMiddleware","RequestId":"0HNIKAGJ1CKNM:00000002","ConnectionId":"0HNIKAGJ1CKNM","Application":"TaskManager"}
[2026-01-15 19:36:00.537 +03:00 INF] HTTP GET /scalar/ responded 200 in 81.5380 ms {"SourceContext":"Serilog.AspNetCore.RequestLoggingMiddleware","RequestId":"0HNIKAGJ1CKNM:00000003","ConnectionId":"0HNIKAGJ1CKNM","Application":"TaskManager"}
[2026-01-15 19:36:00.547 +03:00 INF] HTTP GET /scalar/scalar.aspnetcore.js responded 200 in 6.4320 ms {"SourceContext":"Serilog.AspNetCore.RequestLoggingMiddleware","RequestId":"0HNIKAGJ1CKNM:00000004","ConnectionId":"0HNIKAGJ1CKNM","Application":"TaskManager"}
[2026-01-15 19:36:00.553 +03:00 INF] HTTP GET /scalar/scalar.js responded 200 in 10.8895 ms {"SourceContext":"Serilog.AspNetCore.RequestLoggingMiddleware","RequestId":"0HNIKAGJ1CKNN:00000002","ConnectionId":"0HNIKAGJ1CKNN","Application":"TaskManager"}
[2026-01-15 19:36:00.931 +03:00 INF] HTTP GET /openapi/v1.json responded 200 in 159.7931 ms {"SourceContext":"Serilog.AspNetCore.RequestLoggingMiddleware","RequestId":"0HNIKAGJ1CKNN:00000003","ConnectionId":"0HNIKAGJ1CKNN","Application":"TaskManager"}
[2026-01-15 19:37:35.561 +03:00 INF] Запуск приложения TaskManager {"Application":"TaskManager"}
[2026-01-15 19:37:35.736 +03:00 INF] Приложение успешно запущено {"Application":"TaskManager"}
[2026-01-15 19:37:40.013 +03:00 WRN] Failed to determine the https port for redirect. {"EventId":{"Id":3,"Name":"FailedToDeterminePort"},"SourceContext":"Microsoft.AspNetCore.HttpsPolicy.HttpsRedirectionMiddleware","RequestId":"0HNIKAHJ19H3H:00000001","RequestPath":"/scalar","ConnectionId":"0HNIKAHJ19H3H","Application":"TaskManager"}
[2026-01-15 19:37:40.033 +03:00 INF] HTTP GET /scalar responded 302 in 23.2544 ms {"SourceContext":"Serilog.AspNetCore.RequestLoggingMiddleware","RequestId":"0HNIKAHJ19H3H:00000001","ConnectionId":"0HNIKAHJ19H3H","Application":"TaskManager"}
[2026-01-15 19:37:40.128 +03:00 INF] HTTP GET /scalar/ responded 200 in 81.8116 ms {"SourceContext":"Serilog.AspNetCore.RequestLoggingMiddleware","RequestId":"0HNIKAHJ19H3H:00000002","ConnectionId":"0HNIKAHJ19H3H","Application":"TaskManager"}
[2026-01-15 19:37:40.140 +03:00 INF] HTTP GET /scalar/scalar.aspnetcore.js responded 200 in 7.9983 ms {"SourceContext":"Serilog.AspNetCore.RequestLoggingMiddleware","RequestId":"0HNIKAHJ19H3I:00000001","ConnectionId":"0HNIKAHJ19H3I","Application":"TaskManager"}
[2026-01-15 19:37:40.146 +03:00 INF] HTTP GET /scalar/scalar.js responded 200 in 13.9126 ms {"SourceContext":"Serilog.AspNetCore.RequestLoggingMiddleware","RequestId":"0HNIKAHJ19H3H:00000003","ConnectionId":"0HNIKAHJ19H3H","Application":"TaskManager"}
[2026-01-15 19:37:40.526 +03:00 INF] HTTP GET /openapi/v1.json responded 200 in 163.4216 ms {"SourceContext":"Serilog.AspNetCore.RequestLoggingMiddleware","RequestId":"0HNIKAHJ19H3H:00000004","ConnectionId":"0HNIKAHJ19H3H","Application":"TaskManager"}
[2026-01-15 19:38:03.949 +03:00 INF] Попытка входа: han@mail.ru {"SourceContext":"TaskManager.Application.Services.AuthService","ActionId":"c6d37252-d17a-4e52-92e9-65a22d34986f","ActionName":"TaskManager.API.Controllers.AuthController.Login (TaskManager.API)","RequestId":"0HNIKAHJ19H3H:00000005","RequestPath":"/api/Auth/login","ConnectionId":"0HNIKAHJ19H3H","Application":"TaskManager"}
[2026-01-15 19:38:12.690 +03:00 INF] Пользователь "e573818e-3adc-4d8c-ac83-f964b3b1a5e1" успешно вошёл в систему {"SourceContext":"TaskManager.Application.Services.AuthService","ActionId":"c6d37252-d17a-4e52-92e9-65a22d34986f","ActionName":"TaskManager.API.Controllers.AuthController.Login (TaskManager.API)","RequestId":"0HNIKAHJ19H3H:00000005","RequestPath":"/api/Auth/login","ConnectionId":"0HNIKAHJ19H3H","Application":"TaskManager"}
[2026-01-15 19:38:12.697 +03:00 INF] HTTP POST /api/Auth/login responded 200 in 8902.0469 ms {"SourceContext":"Serilog.AspNetCore.RequestLoggingMiddleware","RequestId":"0HNIKAHJ19H3H:00000005","ConnectionId":"0HNIKAHJ19H3H","Application":"TaskManager"}
[2026-01-15 19:40:14.634 +03:00 INF] Получение всех проектов {"SourceContext":"TaskManager.Application.Services.ProjectService","ActionId":"f3d53bc4-7121-45e7-a7e4-ba09d8cbfdaa","ActionName":"TaskManager.API.Controllers.ProjectsController.GetAll (TaskManager.API)","RequestId":"0HNIKAHJ19H3M:00000001","RequestPath":"/api/projects","ConnectionId":"0HNIKAHJ19H3M","Application":"TaskManager"}
[2026-01-15 19:40:14.683 +03:00 WRN] Compiling a query which loads related collections for more than one collection navigation, either via 'Include' or through projection, but no 'QuerySplittingBehavior' has been configured. By default, Entity Framework will use 'QuerySplittingBehavior.SingleQuery', which can potentially result in slow query performance. See https://go.microsoft.com/fwlink/?linkid=2134277 for more information. To identify the query that's triggering this warning call 'ConfigureWarnings(w => w.Throw(RelationalEventId.MultipleCollectionIncludeWarning))'. {"EventId":{"Id":20504,"Name":"Microsoft.EntityFrameworkCore.Query.MultipleCollectionIncludeWarning"},"SourceContext":"Microsoft.EntityFrameworkCore.Query","ActionId":"f3d53bc4-7121-45e7-a7e4-ba09d8cbfdaa","ActionName":"TaskManager.API.Controllers.ProjectsController.GetAll (TaskManager.API)","RequestId":"0HNIKAHJ19H3M:00000001","RequestPath":"/api/projects","ConnectionId":"0HNIKAHJ19H3M","Application":"TaskManager"}
[2026-01-15 19:40:14.731 +03:00 INF] HTTP GET /api/projects responded 200 in 126.4999 ms {"SourceContext":"Serilog.AspNetCore.RequestLoggingMiddleware","RequestId":"0HNIKAHJ19H3M:00000001","ConnectionId":"0HNIKAHJ19H3M","Application":"TaskManager"}
[2026-01-15 19:43:34.877 +03:00 INF] Запуск приложения TaskManager {"Application":"TaskManager"}
[2026-01-15 19:43:35.054 +03:00 INF] Приложение успешно запущено {"Application":"TaskManager"}
[2026-01-15 19:43:42.670 +03:00 WRN] Failed to determine the https port for redirect. {"EventId":{"Id":3,"Name":"FailedToDeterminePort"},"SourceContext":"Microsoft.AspNetCore.HttpsPolicy.HttpsRedirectionMiddleware","RequestId":"0HNIKAKV3QOMI:00000001","RequestPath":"/scalar/","ConnectionId":"0HNIKAKV3QOMI","Application":"TaskManager"}
[2026-01-15 19:43:42.776 +03:00 INF] HTTP GET /scalar/ responded 200 in 107.9832 ms {"SourceContext":"Serilog.AspNetCore.RequestLoggingMiddleware","RequestId":"0HNIKAKV3QOMI:00000001","ConnectionId":"0HNIKAKV3QOMI","Application":"TaskManager"}
[2026-01-15 19:43:42.790 +03:00 INF] HTTP GET /scalar/scalar.aspnetcore.js responded 200 in 1.8979 ms {"SourceContext":"Serilog.AspNetCore.RequestLoggingMiddleware","RequestId":"0HNIKAKV3QOMI:00000002","ConnectionId":"0HNIKAKV3QOMI","Application":"TaskManager"}
[2026-01-15 19:43:42.792 +03:00 INF] HTTP GET /scalar/scalar.js responded 200 in 11.2456 ms {"SourceContext":"Serilog.AspNetCore.RequestLoggingMiddleware","RequestId":"0HNIKAKV3QOMJ:00000002","ConnectionId":"0HNIKAKV3QOMJ","Application":"TaskManager"}
[2026-01-15 19:43:43.090 +03:00 INF] HTTP GET /scalar/favicon.svg responded 200 in 0.2529 ms {"SourceContext":"Serilog.AspNetCore.RequestLoggingMiddleware","RequestId":"0HNIKAKV3QOMI:00000003","ConnectionId":"0HNIKAKV3QOMI","Application":"TaskManager"}
[2026-01-15 19:43:43.223 +03:00 INF] HTTP GET /openapi/v1.json responded 200 in 166.4544 ms {"SourceContext":"Serilog.AspNetCore.RequestLoggingMiddleware","RequestId":"0HNIKAKV3QOMJ:00000003","ConnectionId":"0HNIKAKV3QOMJ","Application":"TaskManager"}
