[2026-02-24 08:16:39.231 +03:00 INF] Запуск приложения TaskManager {"Application":"TaskManager","Environment":"Development"}
[2026-02-24 08:16:40.045 +03:00 INF] Приложение успешно запущено {"Application":"TaskManager","Environment":"Development"}
[2026-02-24 08:16:40.078 +03:00 INF] User profile is available. Using 'C:\Users\dmitr\AppData\Local\ASP.NET\DataProtection-Keys' as key repository and Windows DPAPI to encrypt keys at rest. {"EventId":{"Id":63,"Name":"UsingProfileAsKeyRepositoryWithDPAPI"},"SourceContext":"Microsoft.AspNetCore.DataProtection.KeyManagement.XmlKeyManager","Application":"TaskManager","Environment":"Development"}
[2026-02-24 08:16:40.412 +03:00 INF] Now listening on: https://localhost:7299 {"EventId":{"Id":14,"Name":"ListeningOnAddress"},"SourceContext":"Microsoft.Hosting.Lifetime","Application":"TaskManager","Environment":"Development"}
[2026-02-24 08:16:40.416 +03:00 INF] Now listening on: http://localhost:5071 {"EventId":{"Id":14,"Name":"ListeningOnAddress"},"SourceContext":"Microsoft.Hosting.Lifetime","Application":"TaskManager","Environment":"Development"}
[2026-02-24 08:16:40.472 +03:00 INF] Application started. Press Ctrl+C to shut down. {"SourceContext":"Microsoft.Hosting.Lifetime","Application":"TaskManager","Environment":"Development"}
[2026-02-24 08:16:40.476 +03:00 INF] Hosting environment: Development {"SourceContext":"Microsoft.Hosting.Lifetime","Application":"TaskManager","Environment":"Development"}
[2026-02-24 08:16:40.479 +03:00 INF] Content root path: D:\Менеджер задач\TaskManager.API {"SourceContext":"Microsoft.Hosting.Lifetime","Application":"TaskManager","Environment":"Development"}
[2026-02-24 08:16:55.282 +03:00 INF] Request starting HTTP/1.1 GET http://localhost:5071/ - null null {"EventId":{"Id":1},"SourceContext":"Microsoft.AspNetCore.Hosting.Diagnostics","RequestId":"0HNJJCFMJSDDP:00000001","RequestPath":"/","ConnectionId":"0HNJJCFMJSDDP","Application":"TaskManager","Environment":"Development"}
[2026-02-24 08:16:55.438 +03:00 INF] HTTP GET / responded 307 in 1.9036 ms {"SourceContext":"Serilog.AspNetCore.RequestLoggingMiddleware","RequestId":"0HNJJCFMJSDDP:00000001","ConnectionId":"0HNJJCFMJSDDP","Application":"TaskManager","Environment":"Development"}
[2026-02-24 08:16:55.448 +03:00 INF] Request finished HTTP/1.1 GET http://localhost:5071/ - 307 0 null 171.8984ms {"EventId":{"Id":2},"SourceContext":"Microsoft.AspNetCore.Hosting.Diagnostics","RequestId":"0HNJJCFMJSDDP:00000001","RequestPath":"/","ConnectionId":"0HNJJCFMJSDDP","Application":"TaskManager","Environment":"Development"}
[2026-02-24 08:16:55.519 +03:00 INF] Request starting HTTP/2 GET https://localhost:7299/ - null null {"EventId":{"Id":1},"SourceContext":"Microsoft.AspNetCore.Hosting.Diagnostics","RequestId":"0HNJJCFMJSDDS:00000001","RequestPath":"/","ConnectionId":"0HNJJCFMJSDDS","Application":"TaskManager","Environment":"Development"}
[2026-02-24 08:16:56.680 +03:00 INF] HTTP GET / responded 404 in 1147.4563 ms {"SourceContext":"Serilog.AspNetCore.RequestLoggingMiddleware","RequestId":"0HNJJCFMJSDDS:00000001","ConnectionId":"0HNJJCFMJSDDS","Application":"TaskManager","Environment":"Development"}
[2026-02-24 08:16:56.688 +03:00 INF] Request finished HTTP/2 GET https://localhost:7299/ - 404 0 null 1169.3025ms {"EventId":{"Id":2},"SourceContext":"Microsoft.AspNetCore.Hosting.Diagnostics","RequestId":"0HNJJCFMJSDDS:00000001","RequestPath":"/","ConnectionId":"0HNJJCFMJSDDS","Application":"TaskManager","Environment":"Development"}
[2026-02-24 08:16:56.701 +03:00 INF] Request reached the end of the middleware pipeline without being handled by application code. Request path: GET https://localhost:7299/, Response status code: 404 {"EventId":{"Id":16},"SourceContext":"Microsoft.AspNetCore.Hosting.Diagnostics","RequestId":"0HNJJCFMJSDDS:00000001","RequestPath":"/","ConnectionId":"0HNJJCFMJSDDS","Application":"TaskManager","Environment":"Development"}
[2026-02-24 08:17:14.837 +03:00 INF] Request starting HTTP/2 GET https://localhost:7299/health - null null {"EventId":{"Id":1},"SourceContext":"Microsoft.AspNetCore.Hosting.Diagnostics","RequestId":"0HNJJCFMJSDDS:00000003","RequestPath":"/health","ConnectionId":"0HNJJCFMJSDDS","Application":"TaskManager","Environment":"Development"}
[2026-02-24 08:17:14.852 +03:00 INF] Executing endpoint 'Health checks' {"EventId":{"Name":"ExecutingEndpoint"},"SourceContext":"Microsoft.AspNetCore.Routing.EndpointMiddleware","RequestId":"0HNJJCFMJSDDS:00000003","RequestPath":"/health","ConnectionId":"0HNJJCFMJSDDS","Application":"TaskManager","Environment":"Development"}
[2026-02-24 08:17:19.014 +03:00 ERR] Health check postgresql with status "Unhealthy" completed after 4148.1271ms with message 'Failed to connect to 127.0.0.1:5432' {"EventId":{"Id":103,"Name":"HealthCheckEnd"},"SourceContext":"Microsoft.Extensions.Diagnostics.HealthChecks.DefaultHealthCheckService","RequestId":"0HNJJCFMJSDDS:00000003","RequestPath":"/health","ConnectionId":"0HNJJCFMJSDDS","Application":"TaskManager","Environment":"Development"}
Npgsql.NpgsqlException (0x80004005): Failed to connect to 127.0.0.1:5432
 ---> System.Net.Sockets.SocketException (10061): Подключение не установлено, т.к. конечный компьютер отверг запрос на подключение.
   at System.Net.Sockets.Socket.AwaitableSocketAsyncEventArgs.ThrowException(SocketError error, CancellationToken cancellationToken)
   at System.Net.Sockets.Socket.AwaitableSocketAsyncEventArgs.System.Threading.Tasks.Sources.IValueTaskSource.GetResult(Int16 token)
   at Npgsql.Internal.NpgsqlConnector.ConnectAsync(NpgsqlTimeout timeout, CancellationToken cancellationToken)
   at Npgsql.Internal.NpgsqlConnector.ConnectAsync(NpgsqlTimeout timeout, CancellationToken cancellationToken)
   at Npgsql.Internal.NpgsqlConnector.RawOpen(NpgsqlTimeout timeout, Boolean async, CancellationToken cancellationToken)
   at Npgsql.Internal.NpgsqlConnector.<Open>g__OpenCore|209_0(NpgsqlConnector conn, String username, SslMode sslMode, GssEncryptionMode gssEncMode, NpgsqlTimeout timeout, Boolean async, CancellationToken cancellationToken)
   at Npgsql.Internal.NpgsqlConnector.Open(NpgsqlTimeout timeout, Boolean async, CancellationToken cancellationToken)
   at Npgsql.PoolingDataSource.OpenNewConnector(NpgsqlConnection conn, NpgsqlTimeout timeout, Boolean async, CancellationToken cancellationToken)
   at Npgsql.PoolingDataSource.<Get>g__RentAsync|33_0(NpgsqlConnection conn, NpgsqlTimeout timeout, Boolean async, CancellationToken cancellationToken)
   at Npgsql.NpgsqlConnection.<Open>g__OpenAsync|42_0(Boolean async, CancellationToken cancellationToken)
   at HealthChecks.NpgSql.NpgSqlHealthCheck.CheckHealthAsync(HealthCheckContext context, CancellationToken cancellationToken) in /home/runner/work/AspNetCore.Diagnostics.HealthChecks/AspNetCore.Diagnostics.HealthChecks/src/HealthChecks.NpgSql/NpgSqlHealthCheck.cs:line 31
   at HealthChecks.NpgSql.NpgSqlHealthCheck.CheckHealthAsync(HealthCheckContext context, CancellationToken cancellationToken) in /home/runner/work/AspNetCore.Diagnostics.HealthChecks/AspNetCore.Diagnostics.HealthChecks/src/HealthChecks.NpgSql/NpgSqlHealthCheck.cs:line 37
[2026-02-24 08:17:19.075 +03:00 INF] Executed endpoint 'Health checks' {"EventId":{"Id":1,"Name":"ExecutedEndpoint"},"SourceContext":"Microsoft.AspNetCore.Routing.EndpointMiddleware","RequestId":"0HNJJCFMJSDDS:00000003","RequestPath":"/health","ConnectionId":"0HNJJCFMJSDDS","Application":"TaskManager","Environment":"Development"}
[2026-02-24 08:17:19.085 +03:00 ERR] HTTP GET /health responded 503 in 4234.8186 ms {"SourceContext":"Serilog.AspNetCore.RequestLoggingMiddleware","RequestId":"0HNJJCFMJSDDS:00000003","ConnectionId":"0HNJJCFMJSDDS","Application":"TaskManager","Environment":"Development"}
[2026-02-24 08:17:19.092 +03:00 INF] Request finished HTTP/2 GET https://localhost:7299/health - 503 null application/json; charset=utf-8 4255.6501ms {"EventId":{"Id":2},"SourceContext":"Microsoft.AspNetCore.Hosting.Diagnostics","RequestId":"0HNJJCFMJSDDS:00000003","RequestPath":"/health","ConnectionId":"0HNJJCFMJSDDS","Application":"TaskManager","Environment":"Development"}
[2026-02-24 08:17:19.132 +03:00 INF] Request starting HTTP/2 GET https://localhost:7299/favicon.ico - null null {"EventId":{"Id":1},"SourceContext":"Microsoft.AspNetCore.Hosting.Diagnostics","RequestId":"0HNJJCFMJSDDS:00000005","RequestPath":"/favicon.ico","ConnectionId":"0HNJJCFMJSDDS","Application":"TaskManager","Environment":"Development"}
[2026-02-24 08:17:19.142 +03:00 INF] HTTP GET /favicon.ico responded 404 in 2.0468 ms {"SourceContext":"Serilog.AspNetCore.RequestLoggingMiddleware","RequestId":"0HNJJCFMJSDDS:00000005","ConnectionId":"0HNJJCFMJSDDS","Application":"TaskManager","Environment":"Development"}
[2026-02-24 08:17:19.146 +03:00 INF] Request finished HTTP/2 GET https://localhost:7299/favicon.ico - 404 0 null 14.3589ms {"EventId":{"Id":2},"SourceContext":"Microsoft.AspNetCore.Hosting.Diagnostics","RequestId":"0HNJJCFMJSDDS:00000005","RequestPath":"/favicon.ico","ConnectionId":"0HNJJCFMJSDDS","Application":"TaskManager","Environment":"Development"}
[2026-02-24 08:17:19.153 +03:00 INF] Request reached the end of the middleware pipeline without being handled by application code. Request path: GET https://localhost:7299/favicon.ico, Response status code: 404 {"EventId":{"Id":16},"SourceContext":"Microsoft.AspNetCore.Hosting.Diagnostics","RequestId":"0HNJJCFMJSDDS:00000005","RequestPath":"/favicon.ico","ConnectionId":"0HNJJCFMJSDDS","Application":"TaskManager","Environment":"Development"}
