[2026-01-16 08:45:51.228 +03:00 INF] Запуск приложения TaskManager {"Application":"TaskManager"}
[2026-01-16 08:45:51.442 +03:00 INF] Приложение успешно запущено {"Application":"TaskManager"}
[2026-01-16 08:45:58.373 +03:00 WRN] Failed to determine the https port for redirect. {"EventId":{"Id":3,"Name":"FailedToDeterminePort"},"SourceContext":"Microsoft.AspNetCore.HttpsPolicy.HttpsRedirectionMiddleware","RequestId":"0HNIKOA31HMH5:00000001","RequestPath":"/scalar","ConnectionId":"0HNIKOA31HMH5","Application":"TaskManager"}
[2026-01-16 08:45:58.407 +03:00 INF] HTTP GET /scalar responded 302 in 36.6322 ms {"SourceContext":"Serilog.AspNetCore.RequestLoggingMiddleware","RequestId":"0HNIKOA31HMH5:00000001","ConnectionId":"0HNIKOA31HMH5","Application":"TaskManager"}
[2026-01-16 08:45:58.513 +03:00 INF] HTTP GET /scalar/ responded 200 in 90.7009 ms {"SourceContext":"Serilog.AspNetCore.RequestLoggingMiddleware","RequestId":"0HNIKOA31HMH5:00000002","ConnectionId":"0HNIKOA31HMH5","Application":"TaskManager"}
[2026-01-16 08:45:58.525 +03:00 INF] HTTP GET /scalar/scalar.aspnetcore.js responded 200 in 4.3204 ms {"SourceContext":"Serilog.AspNetCore.RequestLoggingMiddleware","RequestId":"0HNIKOA31HMH6:00000002","ConnectionId":"0HNIKOA31HMH6","Application":"TaskManager"}
[2026-01-16 08:45:58.531 +03:00 INF] HTTP GET /scalar/scalar.js responded 200 in 14.6410 ms {"SourceContext":"Serilog.AspNetCore.RequestLoggingMiddleware","RequestId":"0HNIKOA31HMH5:00000003","ConnectionId":"0HNIKOA31HMH5","Application":"TaskManager"}
[2026-01-16 08:45:58.898 +03:00 INF] HTTP GET /openapi/v1.json responded 200 in 154.2693 ms {"SourceContext":"Serilog.AspNetCore.RequestLoggingMiddleware","RequestId":"0HNIKOA31HMH5:00000004","ConnectionId":"0HNIKOA31HMH5","Application":"TaskManager"}
[2026-01-16 08:46:12.390 +03:00 INF] HTTP GET /health responded 200 in 7700.9294 ms {"SourceContext":"Serilog.AspNetCore.RequestLoggingMiddleware","RequestId":"0HNIKOA31HMH5:00000005","ConnectionId":"0HNIKOA31HMH5","Application":"TaskManager"}
[2026-01-16 08:46:12.406 +03:00 INF] HTTP GET /favicon.ico responded 404 in 0.1938 ms {"SourceContext":"Serilog.AspNetCore.RequestLoggingMiddleware","RequestId":"0HNIKOA31HMH5:00000006","ConnectionId":"0HNIKOA31HMH5","Application":"TaskManager"}
[2026-01-16 08:48:43.760 +03:00 INF] Запуск приложения TaskManager {"Application":"TaskManager"}
[2026-01-16 08:48:43.933 +03:00 INF] Приложение успешно запущено {"Application":"TaskManager"}
[2026-01-16 08:48:47.566 +03:00 WRN] Failed to determine the https port for redirect. {"EventId":{"Id":3,"Name":"FailedToDeterminePort"},"SourceContext":"Microsoft.AspNetCore.HttpsPolicy.HttpsRedirectionMiddleware","RequestId":"0HNIKOBLF47VO:00000001","RequestPath":"/health","ConnectionId":"0HNIKOBLF47VO","Application":"TaskManager"}
[2026-01-16 08:48:55.243 +03:00 INF] HTTP GET /health responded 200 in 7679.4970 ms {"SourceContext":"Serilog.AspNetCore.RequestLoggingMiddleware","RequestId":"0HNIKOBLF47VO:00000001","ConnectionId":"0HNIKOBLF47VO","Application":"TaskManager"}
[2026-01-16 08:48:58.524 +03:00 INF] HTTP GET /health responded 200 in 4.7508 ms {"SourceContext":"Serilog.AspNetCore.RequestLoggingMiddleware","RequestId":"0HNIKOBLF47VO:00000002","ConnectionId":"0HNIKOBLF47VO","Application":"TaskManager"}
[2026-01-16 08:48:59.286 +03:00 INF] HTTP GET /health responded 200 in 2.9658 ms {"SourceContext":"Serilog.AspNetCore.RequestLoggingMiddleware","RequestId":"0HNIKOBLF47VO:00000003","ConnectionId":"0HNIKOBLF47VO","Application":"TaskManager"}
[2026-01-16 08:48:59.774 +03:00 INF] HTTP GET /health responded 200 in 0.6633 ms {"SourceContext":"Serilog.AspNetCore.RequestLoggingMiddleware","RequestId":"0HNIKOBLF47VO:00000004","ConnectionId":"0HNIKOBLF47VO","Application":"TaskManager"}
[2026-01-16 08:49:00.122 +03:00 INF] HTTP GET /health responded 200 in 0.8447 ms {"SourceContext":"Serilog.AspNetCore.RequestLoggingMiddleware","RequestId":"0HNIKOBLF47VO:00000005","ConnectionId":"0HNIKOBLF47VO","Application":"TaskManager"}
[2026-01-16 08:49:00.313 +03:00 INF] HTTP GET /health responded 200 in 0.6339 ms {"SourceContext":"Serilog.AspNetCore.RequestLoggingMiddleware","RequestId":"0HNIKOBLF47VO:00000006","ConnectionId":"0HNIKOBLF47VO","Application":"TaskManager"}
[2026-01-16 08:49:00.500 +03:00 INF] HTTP GET /health responded 200 in 0.7704 ms {"SourceContext":"Serilog.AspNetCore.RequestLoggingMiddleware","RequestId":"0HNIKOBLF47VO:00000007","ConnectionId":"0HNIKOBLF47VO","Application":"TaskManager"}
[2026-01-16 08:49:00.660 +03:00 INF] HTTP GET /health responded 200 in 0.6401 ms {"SourceContext":"Serilog.AspNetCore.RequestLoggingMiddleware","RequestId":"0HNIKOBLF47VO:00000008","ConnectionId":"0HNIKOBLF47VO","Application":"TaskManager"}
[2026-01-16 08:49:00.822 +03:00 INF] HTTP GET /health responded 200 in 0.7029 ms {"SourceContext":"Serilog.AspNetCore.RequestLoggingMiddleware","RequestId":"0HNIKOBLF47VO:00000009","ConnectionId":"0HNIKOBLF47VO","Application":"TaskManager"}
[2026-01-16 08:49:00.976 +03:00 INF] HTTP GET /health responded 200 in 0.6960 ms {"SourceContext":"Serilog.AspNetCore.RequestLoggingMiddleware","RequestId":"0HNIKOBLF47VO:0000000A","ConnectionId":"0HNIKOBLF47VO","Application":"TaskManager"}
[2026-01-16 08:49:01.120 +03:00 INF] HTTP GET /health responded 200 in 0.7628 ms {"SourceContext":"Serilog.AspNetCore.RequestLoggingMiddleware","RequestId":"0HNIKOBLF47VO:0000000B","ConnectionId":"0HNIKOBLF47VO","Application":"TaskManager"}
[2026-01-16 08:49:01.263 +03:00 INF] HTTP GET /health responded 200 in 0.6135 ms {"SourceContext":"Serilog.AspNetCore.RequestLoggingMiddleware","RequestId":"0HNIKOBLF47VO:0000000C","ConnectionId":"0HNIKOBLF47VO","Application":"TaskManager"}
[2026-01-16 08:49:01.426 +03:00 INF] HTTP GET /health responded 200 in 0.5884 ms {"SourceContext":"Serilog.AspNetCore.RequestLoggingMiddleware","RequestId":"0HNIKOBLF47VO:0000000D","ConnectionId":"0HNIKOBLF47VO","Application":"TaskManager"}
[2026-01-16 08:49:01.571 +03:00 INF] HTTP GET /health responded 200 in 0.6987 ms {"SourceContext":"Serilog.AspNetCore.RequestLoggingMiddleware","RequestId":"0HNIKOBLF47VO:0000000E","ConnectionId":"0HNIKOBLF47VO","Application":"TaskManager"}
[2026-01-16 08:49:01.731 +03:00 INF] HTTP GET /health responded 200 in 0.5880 ms {"SourceContext":"Serilog.AspNetCore.RequestLoggingMiddleware","RequestId":"0HNIKOBLF47VO:0000000F","ConnectionId":"0HNIKOBLF47VO","Application":"TaskManager"}
[2026-01-16 08:49:01.902 +03:00 INF] HTTP GET /health responded 200 in 0.6884 ms {"SourceContext":"Serilog.AspNetCore.RequestLoggingMiddleware","RequestId":"0HNIKOBLF47VO:00000010","ConnectionId":"0HNIKOBLF47VO","Application":"TaskManager"}
[2026-01-16 08:49:02.061 +03:00 INF] HTTP GET /health responded 200 in 0.5795 ms {"SourceContext":"Serilog.AspNetCore.RequestLoggingMiddleware","RequestId":"0HNIKOBLF47VO:00000011","ConnectionId":"0HNIKOBLF47VO","Application":"TaskManager"}
[2026-01-16 08:49:02.215 +03:00 INF] HTTP GET /health responded 200 in 0.5717 ms {"SourceContext":"Serilog.AspNetCore.RequestLoggingMiddleware","RequestId":"0HNIKOBLF47VO:00000012","ConnectionId":"0HNIKOBLF47VO","Application":"TaskManager"}
[2026-01-16 08:49:02.368 +03:00 INF] HTTP GET /health responded 200 in 0.6239 ms {"SourceContext":"Serilog.AspNetCore.RequestLoggingMiddleware","RequestId":"0HNIKOBLF47VO:00000013","ConnectionId":"0HNIKOBLF47VO","Application":"TaskManager"}
[2026-01-16 08:49:02.521 +03:00 INF] HTTP GET /health responded 200 in 0.5723 ms {"SourceContext":"Serilog.AspNetCore.RequestLoggingMiddleware","RequestId":"0HNIKOBLF47VO:00000014","ConnectionId":"0HNIKOBLF47VO","Application":"TaskManager"}
[2026-01-16 08:49:02.691 +03:00 INF] HTTP GET /health responded 200 in 0.6110 ms {"SourceContext":"Serilog.AspNetCore.RequestLoggingMiddleware","RequestId":"0HNIKOBLF47VO:00000015","ConnectionId":"0HNIKOBLF47VO","Application":"TaskManager"}
[2026-01-16 08:49:02.852 +03:00 INF] HTTP GET /health responded 200 in 0.6681 ms {"SourceContext":"Serilog.AspNetCore.RequestLoggingMiddleware","RequestId":"0HNIKOBLF47VO:00000016","ConnectionId":"0HNIKOBLF47VO","Application":"TaskManager"}
[2026-01-16 08:49:03.014 +03:00 INF] HTTP GET /health responded 200 in 0.5743 ms {"SourceContext":"Serilog.AspNetCore.RequestLoggingMiddleware","RequestId":"0HNIKOBLF47VO:00000017","ConnectionId":"0HNIKOBLF47VO","Application":"TaskManager"}
[2026-01-16 08:49:03.173 +03:00 INF] HTTP GET /health responded 200 in 0.5844 ms {"SourceContext":"Serilog.AspNetCore.RequestLoggingMiddleware","RequestId":"0HNIKOBLF47VO:00000018","ConnectionId":"0HNIKOBLF47VO","Application":"TaskManager"}
[2026-01-16 08:49:03.327 +03:00 INF] HTTP GET /health responded 200 in 0.6308 ms {"SourceContext":"Serilog.AspNetCore.RequestLoggingMiddleware","RequestId":"0HNIKOBLF47VO:00000019","ConnectionId":"0HNIKOBLF47VO","Application":"TaskManager"}
[2026-01-16 08:49:03.495 +03:00 INF] HTTP GET /health responded 200 in 0.5941 ms {"SourceContext":"Serilog.AspNetCore.RequestLoggingMiddleware","RequestId":"0HNIKOBLF47VO:0000001A","ConnectionId":"0HNIKOBLF47VO","Application":"TaskManager"}
[2026-01-16 08:49:03.666 +03:00 INF] HTTP GET /health responded 200 in 0.5637 ms {"SourceContext":"Serilog.AspNetCore.RequestLoggingMiddleware","RequestId":"0HNIKOBLF47VO:0000001B","ConnectionId":"0HNIKOBLF47VO","Application":"TaskManager"}
[2026-01-16 08:49:03.825 +03:00 INF] HTTP GET /health responded 200 in 0.5747 ms {"SourceContext":"Serilog.AspNetCore.RequestLoggingMiddleware","RequestId":"0HNIKOBLF47VO:0000001C","ConnectionId":"0HNIKOBLF47VO","Application":"TaskManager"}
[2026-01-16 08:49:03.987 +03:00 INF] HTTP GET /health responded 200 in 0.5589 ms {"SourceContext":"Serilog.AspNetCore.RequestLoggingMiddleware","RequestId":"0HNIKOBLF47VO:0000001D","ConnectionId":"0HNIKOBLF47VO","Application":"TaskManager"}
[2026-01-16 08:49:04.142 +03:00 INF] HTTP GET /health responded 200 in 0.5877 ms {"SourceContext":"Serilog.AspNetCore.RequestLoggingMiddleware","RequestId":"0HNIKOBLF47VO:0000001E","ConnectionId":"0HNIKOBLF47VO","Application":"TaskManager"}
[2026-01-16 08:49:04.310 +03:00 INF] HTTP GET /health responded 200 in 0.8315 ms {"SourceContext":"Serilog.AspNetCore.RequestLoggingMiddleware","RequestId":"0HNIKOBLF47VO:0000001F","ConnectionId":"0HNIKOBLF47VO","Application":"TaskManager"}
[2026-01-16 08:49:04.471 +03:00 INF] HTTP GET /health responded 200 in 0.5411 ms {"SourceContext":"Serilog.AspNetCore.RequestLoggingMiddleware","RequestId":"0HNIKOBLF47VO:00000020","ConnectionId":"0HNIKOBLF47VO","Application":"TaskManager"}
[2026-01-16 08:49:04.634 +03:00 INF] HTTP GET /health responded 200 in 0.6102 ms {"SourceContext":"Serilog.AspNetCore.RequestLoggingMiddleware","RequestId":"0HNIKOBLF47VO:00000021","ConnectionId":"0HNIKOBLF47VO","Application":"TaskManager"}
[2026-01-16 08:49:04.786 +03:00 INF] HTTP GET /health responded 200 in 0.4958 ms {"SourceContext":"Serilog.AspNetCore.RequestLoggingMiddleware","RequestId":"0HNIKOBLF47VO:00000022","ConnectionId":"0HNIKOBLF47VO","Application":"TaskManager"}
[2026-01-16 08:49:04.929 +03:00 INF] HTTP GET /health responded 200 in 0.5491 ms {"SourceContext":"Serilog.AspNetCore.RequestLoggingMiddleware","RequestId":"0HNIKOBLF47VO:00000023","ConnectionId":"0HNIKOBLF47VO","Application":"TaskManager"}
[2026-01-16 08:49:05.052 +03:00 INF] HTTP GET /health responded 200 in 0.6958 ms {"SourceContext":"Serilog.AspNetCore.RequestLoggingMiddleware","RequestId":"0HNIKOBLF47VO:00000024","ConnectionId":"0HNIKOBLF47VO","Application":"TaskManager"}
[2026-01-16 08:49:05.203 +03:00 INF] HTTP GET /health responded 200 in 0.4581 ms {"SourceContext":"Serilog.AspNetCore.RequestLoggingMiddleware","RequestId":"0HNIKOBLF47VO:00000025","ConnectionId":"0HNIKOBLF47VO","Application":"TaskManager"}
[2026-01-16 08:49:05.341 +03:00 INF] HTTP GET /health responded 200 in 0.4699 ms {"SourceContext":"Serilog.AspNetCore.RequestLoggingMiddleware","RequestId":"0HNIKOBLF47VO:00000026","ConnectionId":"0HNIKOBLF47VO","Application":"TaskManager"}
[2026-01-16 08:49:05.486 +03:00 INF] HTTP GET /health responded 200 in 0.3735 ms {"SourceContext":"Serilog.AspNetCore.RequestLoggingMiddleware","RequestId":"0HNIKOBLF47VO:00000027","ConnectionId":"0HNIKOBLF47VO","Application":"TaskManager"}
[2026-01-16 08:49:05.623 +03:00 INF] HTTP GET /health responded 200 in 0.5266 ms {"SourceContext":"Serilog.AspNetCore.RequestLoggingMiddleware","RequestId":"0HNIKOBLF47VO:00000028","ConnectionId":"0HNIKOBLF47VO","Application":"TaskManager"}
[2026-01-16 08:49:05.783 +03:00 INF] HTTP GET /health responded 200 in 0.5836 ms {"SourceContext":"Serilog.AspNetCore.RequestLoggingMiddleware","RequestId":"0HNIKOBLF47VO:00000029","ConnectionId":"0HNIKOBLF47VO","Application":"TaskManager"}
[2026-01-16 08:49:05.930 +03:00 INF] HTTP GET /health responded 200 in 0.4507 ms {"SourceContext":"Serilog.AspNetCore.RequestLoggingMiddleware","RequestId":"0HNIKOBLF47VO:0000002A","ConnectionId":"0HNIKOBLF47VO","Application":"TaskManager"}
[2026-01-16 08:49:06.057 +03:00 INF] HTTP GET /health responded 200 in 0.4781 ms {"SourceContext":"Serilog.AspNetCore.RequestLoggingMiddleware","RequestId":"0HNIKOBLF47VO:0000002B","ConnectionId":"0HNIKOBLF47VO","Application":"TaskManager"}
[2026-01-16 08:49:06.211 +03:00 INF] HTTP GET /health responded 200 in 0.4186 ms {"SourceContext":"Serilog.AspNetCore.RequestLoggingMiddleware","RequestId":"0HNIKOBLF47VO:0000002C","ConnectionId":"0HNIKOBLF47VO","Application":"TaskManager"}
[2026-01-16 08:49:06.355 +03:00 INF] HTTP GET /health responded 200 in 0.4485 ms {"SourceContext":"Serilog.AspNetCore.RequestLoggingMiddleware","RequestId":"0HNIKOBLF47VO:0000002D","ConnectionId":"0HNIKOBLF47VO","Application":"TaskManager"}
[2026-01-16 08:49:06.637 +03:00 INF] HTTP GET /health responded 200 in 0.4463 ms {"SourceContext":"Serilog.AspNetCore.RequestLoggingMiddleware","RequestId":"0HNIKOBLF47VO:0000002E","ConnectionId":"0HNIKOBLF47VO","Application":"TaskManager"}
[2026-01-16 08:49:07.492 +03:00 INF] HTTP GET /health responded 200 in 0.4283 ms {"SourceContext":"Serilog.AspNetCore.RequestLoggingMiddleware","RequestId":"0HNIKOBLF47VO:0000002F","ConnectionId":"0HNIKOBLF47VO","Application":"TaskManager"}
[2026-01-16 08:49:11.432 +03:00 INF] HTTP GET /health responded 200 in 0.4948 ms {"SourceContext":"Serilog.AspNetCore.RequestLoggingMiddleware","RequestId":"0HNIKOBLF47VO:00000030","ConnectionId":"0HNIKOBLF47VO","Application":"TaskManager"}
[2026-01-16 09:57:54.148 +03:00 INF] Запуск приложения TaskManager {"Application":"TaskManager","Environment":"Development"}
[2026-01-16 09:57:54.300 +03:00 INF] Приложение успешно запущено {"Application":"TaskManager","Environment":"Development"}
[2026-01-16 09:57:54.309 +03:00 INF] User profile is available. Using '/home/hanich/.aspnet/DataProtection-Keys' as key repository; keys will not be encrypted at rest. {"EventId":{"Id":62,"Name":"UsingProfileAsKeyRepository"},"SourceContext":"Microsoft.AspNetCore.DataProtection.KeyManagement.XmlKeyManager","Application":"TaskManager","Environment":"Development"}
[2026-01-16 09:57:54.379 +03:00 INF] Now listening on: http://localhost:5071 {"EventId":{"Id":14,"Name":"ListeningOnAddress"},"SourceContext":"Microsoft.Hosting.Lifetime","Application":"TaskManager","Environment":"Development"}
[2026-01-16 09:57:54.381 +03:00 INF] Application started. Press Ctrl+C to shut down. {"SourceContext":"Microsoft.Hosting.Lifetime","Application":"TaskManager","Environment":"Development"}
[2026-01-16 09:57:54.382 +03:00 INF] Hosting environment: Development {"SourceContext":"Microsoft.Hosting.Lifetime","Application":"TaskManager","Environment":"Development"}
[2026-01-16 09:57:54.382 +03:00 INF] Content root path: /home/hanich/TaskManager/TaskManager.API {"SourceContext":"Microsoft.Hosting.Lifetime","Application":"TaskManager","Environment":"Development"}
[2026-01-16 09:58:09.806 +03:00 INF] Request starting HTTP/1.1 GET http://localhost:5071/scalar - null null {"EventId":{"Id":1},"SourceContext":"Microsoft.AspNetCore.Hosting.Diagnostics","RequestId":"0HNIKPIDTG790:00000001","RequestPath":"/scalar","ConnectionId":"0HNIKPIDTG790","Application":"TaskManager","Environment":"Development"}
[2026-01-16 09:58:09.822 +03:00 WRN] Failed to determine the https port for redirect. {"EventId":{"Id":3,"Name":"FailedToDeterminePort"},"SourceContext":"Microsoft.AspNetCore.HttpsPolicy.HttpsRedirectionMiddleware","RequestId":"0HNIKPIDTG790:00000001","RequestPath":"/scalar","ConnectionId":"0HNIKPIDTG790","Application":"TaskManager","Environment":"Development"}
[2026-01-16 09:58:09.844 +03:00 INF] Executing endpoint 'HTTP: GET /scalar/{documentName?}' {"EventId":{"Name":"ExecutingEndpoint"},"SourceContext":"Microsoft.AspNetCore.Routing.EndpointMiddleware","RequestId":"0HNIKPIDTG790:00000001","RequestPath":"/scalar","ConnectionId":"0HNIKPIDTG790","Application":"TaskManager","Environment":"Development"}
[2026-01-16 09:58:09.847 +03:00 INF] Executing RedirectResult, redirecting to scalar/. {"EventId":{"Id":1,"Name":"RedirectResultExecuting"},"SourceContext":"Microsoft.AspNetCore.Http.Result.RedirectResult","RequestId":"0HNIKPIDTG790:00000001","RequestPath":"/scalar","ConnectionId":"0HNIKPIDTG790","Application":"TaskManager","Environment":"Development"}
[2026-01-16 09:58:09.847 +03:00 INF] Executed endpoint 'HTTP: GET /scalar/{documentName?}' {"EventId":{"Id":1,"Name":"ExecutedEndpoint"},"SourceContext":"Microsoft.AspNetCore.Routing.EndpointMiddleware","RequestId":"0HNIKPIDTG790:00000001","RequestPath":"/scalar","ConnectionId":"0HNIKPIDTG790","Application":"TaskManager","Environment":"Development"}
[2026-01-16 09:58:09.849 +03:00 INF] HTTP GET /scalar responded 302 in 26.7842 ms {"SourceContext":"Serilog.AspNetCore.RequestLoggingMiddleware","RequestId":"0HNIKPIDTG790:00000001","ConnectionId":"0HNIKPIDTG790","Application":"TaskManager","Environment":"Development"}
[2026-01-16 09:58:09.859 +03:00 INF] Request finished HTTP/1.1 GET http://localhost:5071/scalar - 302 0 null 53.9014ms {"EventId":{"Id":2},"SourceContext":"Microsoft.AspNetCore.Hosting.Diagnostics","RequestId":"0HNIKPIDTG790:00000001","RequestPath":"/scalar","ConnectionId":"0HNIKPIDTG790","Application":"TaskManager","Environment":"Development"}
[2026-01-16 09:58:09.864 +03:00 INF] Request starting HTTP/1.1 GET http://localhost:5071/scalar/ - null null {"EventId":{"Id":1},"SourceContext":"Microsoft.AspNetCore.Hosting.Diagnostics","RequestId":"0HNIKPIDTG790:00000002","RequestPath":"/scalar/","ConnectionId":"0HNIKPIDTG790","Application":"TaskManager","Environment":"Development"}
[2026-01-16 09:58:09.866 +03:00 INF] Executing endpoint 'HTTP: GET /scalar/{documentName?}' {"EventId":{"Name":"ExecutingEndpoint"},"SourceContext":"Microsoft.AspNetCore.Routing.EndpointMiddleware","RequestId":"0HNIKPIDTG790:00000002","RequestPath":"/scalar/","ConnectionId":"0HNIKPIDTG790","Application":"TaskManager","Environment":"Development"}
[2026-01-16 09:58:09.951 +03:00 INF] Write content with HTTP Response ContentType of text/html {"EventId":{"Id":2,"Name":"WritingResultAsContent"},"SourceContext":"Microsoft.AspNetCore.Http.Result.ContentResult","RequestId":"0HNIKPIDTG790:00000002","RequestPath":"/scalar/","ConnectionId":"0HNIKPIDTG790","Application":"TaskManager","Environment":"Development"}
[2026-01-16 09:58:09.958 +03:00 INF] Executed endpoint 'HTTP: GET /scalar/{documentName?}' {"EventId":{"Id":1,"Name":"ExecutedEndpoint"},"SourceContext":"Microsoft.AspNetCore.Routing.EndpointMiddleware","RequestId":"0HNIKPIDTG790:00000002","RequestPath":"/scalar/","ConnectionId":"0HNIKPIDTG790","Application":"TaskManager","Environment":"Development"}
[2026-01-16 09:58:09.959 +03:00 INF] HTTP GET /scalar/ responded 200 in 94.0636 ms {"SourceContext":"Serilog.AspNetCore.RequestLoggingMiddleware","RequestId":"0HNIKPIDTG790:00000002","ConnectionId":"0HNIKPIDTG790","Application":"TaskManager","Environment":"Development"}
[2026-01-16 09:58:09.960 +03:00 INF] Request finished HTTP/1.1 GET http://localhost:5071/scalar/ - 200 null text/html 96.588ms {"EventId":{"Id":2},"SourceContext":"Microsoft.AspNetCore.Hosting.Diagnostics","RequestId":"0HNIKPIDTG790:00000002","RequestPath":"/scalar/","ConnectionId":"0HNIKPIDTG790","Application":"TaskManager","Environment":"Development"}
[2026-01-16 09:58:09.962 +03:00 INF] Request starting HTTP/1.1 GET http://localhost:5071/scalar/scalar.aspnetcore.js - null null {"EventId":{"Id":1},"SourceContext":"Microsoft.AspNetCore.Hosting.Diagnostics","RequestId":"0HNIKPIDTG790:00000003","RequestPath":"/scalar/scalar.aspnetcore.js","ConnectionId":"0HNIKPIDTG790","Application":"TaskManager","Environment":"Development"}
[2026-01-16 09:58:09.963 +03:00 INF] CORS policy execution failed. {"EventId":{"Id":5,"Name":"PolicyFailure"},"SourceContext":"Microsoft.AspNetCore.Cors.Infrastructure.CorsService","RequestId":"0HNIKPIDTG790:00000003","RequestPath":"/scalar/scalar.aspnetcore.js","ConnectionId":"0HNIKPIDTG790","Application":"TaskManager","Environment":"Development"}
[2026-01-16 09:58:09.964 +03:00 INF] Request origin http://localhost:5071 does not have permission to access the resource. {"EventId":{"Id":6,"Name":"OriginNotAllowed"},"SourceContext":"Microsoft.AspNetCore.Cors.Infrastructure.CorsService","RequestId":"0HNIKPIDTG790:00000003","RequestPath":"/scalar/scalar.aspnetcore.js","ConnectionId":"0HNIKPIDTG790","Application":"TaskManager","Environment":"Development"}
[2026-01-16 09:58:09.965 +03:00 INF] Request starting HTTP/1.1 GET http://localhost:5071/scalar/scalar.js - null null {"EventId":{"Id":1},"SourceContext":"Microsoft.AspNetCore.Hosting.Diagnostics","RequestId":"0HNIKPIDTG791:00000001","RequestPath":"/scalar/scalar.js","ConnectionId":"0HNIKPIDTG791","Application":"TaskManager","Environment":"Development"}
[2026-01-16 09:58:09.967 +03:00 INF] Executing endpoint 'HTTP: GET /scalar/scalar.aspnetcore.js' {"EventId":{"Name":"ExecutingEndpoint"},"SourceContext":"Microsoft.AspNetCore.Routing.EndpointMiddleware","RequestId":"0HNIKPIDTG790:00000003","RequestPath":"/scalar/scalar.aspnetcore.js","ConnectionId":"0HNIKPIDTG790","Application":"TaskManager","Environment":"Development"}
[2026-01-16 09:58:09.967 +03:00 INF] Executing endpoint 'HTTP: GET /scalar/scalar.js' {"EventId":{"Name":"ExecutingEndpoint"},"SourceContext":"Microsoft.AspNetCore.Routing.EndpointMiddleware","RequestId":"0HNIKPIDTG791:00000001","RequestPath":"/scalar/scalar.js","ConnectionId":"0HNIKPIDTG791","Application":"TaskManager","Environment":"Development"}
[2026-01-16 09:58:09.969 +03:00 INF] Sending file with download name ''. {"EventId":{"Id":5,"Name":"WritingResultAsFileWithNoFileName"},"SourceContext":"Microsoft.AspNetCore.Http.Result.FileStreamResult","RequestId":"0HNIKPIDTG790:00000003","RequestPath":"/scalar/scalar.aspnetcore.js","ConnectionId":"0HNIKPIDTG790","Application":"TaskManager","Environment":"Development"}
[2026-01-16 09:58:09.969 +03:00 INF] Sending file with download name ''. {"EventId":{"Id":5,"Name":"WritingResultAsFileWithNoFileName"},"SourceContext":"Microsoft.AspNetCore.Http.Result.FileStreamResult","RequestId":"0HNIKPIDTG791:00000001","RequestPath":"/scalar/scalar.js","ConnectionId":"0HNIKPIDTG791","Application":"TaskManager","Environment":"Development"}
[2026-01-16 09:58:09.972 +03:00 INF] Executed endpoint 'HTTP: GET /scalar/scalar.aspnetcore.js' {"EventId":{"Id":1,"Name":"ExecutedEndpoint"},"SourceContext":"Microsoft.AspNetCore.Routing.EndpointMiddleware","RequestId":"0HNIKPIDTG790:00000003","RequestPath":"/scalar/scalar.aspnetcore.js","ConnectionId":"0HNIKPIDTG790","Application":"TaskManager","Environment":"Development"}
[2026-01-16 09:58:09.972 +03:00 INF] HTTP GET /scalar/scalar.aspnetcore.js responded 200 in 9.6377 ms {"SourceContext":"Serilog.AspNetCore.RequestLoggingMiddleware","RequestId":"0HNIKPIDTG790:00000003","ConnectionId":"0HNIKPIDTG790","Application":"TaskManager","Environment":"Development"}
[2026-01-16 09:58:09.972 +03:00 INF] Request finished HTTP/1.1 GET http://localhost:5071/scalar/scalar.aspnetcore.js - 200 1111 text/javascript 10.6133ms {"EventId":{"Id":2},"SourceContext":"Microsoft.AspNetCore.Hosting.Diagnostics","RequestId":"0HNIKPIDTG790:00000003","RequestPath":"/scalar/scalar.aspnetcore.js","ConnectionId":"0HNIKPIDTG790","Application":"TaskManager","Environment":"Development"}
[2026-01-16 09:58:09.978 +03:00 INF] Executed endpoint 'HTTP: GET /scalar/scalar.js' {"EventId":{"Id":1,"Name":"ExecutedEndpoint"},"SourceContext":"Microsoft.AspNetCore.Routing.EndpointMiddleware","RequestId":"0HNIKPIDTG791:00000001","RequestPath":"/scalar/scalar.js","ConnectionId":"0HNIKPIDTG791","Application":"TaskManager","Environment":"Development"}
[2026-01-16 09:58:09.979 +03:00 INF] HTTP GET /scalar/scalar.js responded 200 in 13.0747 ms {"SourceContext":"Serilog.AspNetCore.RequestLoggingMiddleware","RequestId":"0HNIKPIDTG791:00000001","ConnectionId":"0HNIKPIDTG791","Application":"TaskManager","Environment":"Development"}
[2026-01-16 09:58:09.980 +03:00 INF] Request finished HTTP/1.1 GET http://localhost:5071/scalar/scalar.js - 200 898557 text/javascript 15.2766ms {"EventId":{"Id":2},"SourceContext":"Microsoft.AspNetCore.Hosting.Diagnostics","RequestId":"0HNIKPIDTG791:00000001","RequestPath":"/scalar/scalar.js","ConnectionId":"0HNIKPIDTG791","Application":"TaskManager","Environment":"Development"}
[2026-01-16 09:58:10.195 +03:00 INF] Request starting HTTP/1.1 GET http://localhost:5071/openapi/v1.json - null null {"EventId":{"Id":1},"SourceContext":"Microsoft.AspNetCore.Hosting.Diagnostics","RequestId":"0HNIKPIDTG791:00000002","RequestPath":"/openapi/v1.json","ConnectionId":"0HNIKPIDTG791","Application":"TaskManager","Environment":"Development"}
[2026-01-16 09:58:10.196 +03:00 INF] Executing endpoint 'HTTP: GET /openapi/{documentName}.json' {"EventId":{"Name":"ExecutingEndpoint"},"SourceContext":"Microsoft.AspNetCore.Routing.EndpointMiddleware","RequestId":"0HNIKPIDTG791:00000002","RequestPath":"/openapi/v1.json","ConnectionId":"0HNIKPIDTG791","Application":"TaskManager","Environment":"Development"}
[2026-01-16 09:58:10.355 +03:00 INF] Executed endpoint 'HTTP: GET /openapi/{documentName}.json' {"EventId":{"Id":1,"Name":"ExecutedEndpoint"},"SourceContext":"Microsoft.AspNetCore.Routing.EndpointMiddleware","RequestId":"0HNIKPIDTG791:00000002","RequestPath":"/openapi/v1.json","ConnectionId":"0HNIKPIDTG791","Application":"TaskManager","Environment":"Development"}
[2026-01-16 09:58:10.356 +03:00 INF] HTTP GET /openapi/v1.json responded 200 in 159.8617 ms {"SourceContext":"Serilog.AspNetCore.RequestLoggingMiddleware","RequestId":"0HNIKPIDTG791:00000002","ConnectionId":"0HNIKPIDTG791","Application":"TaskManager","Environment":"Development"}
[2026-01-16 09:58:10.356 +03:00 INF] Request finished HTTP/1.1 GET http://localhost:5071/openapi/v1.json - 200 null application/json;charset=utf-8 160.9575ms {"EventId":{"Id":2},"SourceContext":"Microsoft.AspNetCore.Hosting.Diagnostics","RequestId":"0HNIKPIDTG791:00000002","RequestPath":"/openapi/v1.json","ConnectionId":"0HNIKPIDTG791","Application":"TaskManager","Environment":"Development"}
[2026-01-16 09:58:19.974 +03:00 INF] Request starting HTTP/1.1 GET http://localhost:5071/health - null null {"EventId":{"Id":1},"SourceContext":"Microsoft.AspNetCore.Hosting.Diagnostics","RequestId":"0HNIKPIDTG791:00000003","RequestPath":"/health","ConnectionId":"0HNIKPIDTG791","Application":"TaskManager","Environment":"Development"}
[2026-01-16 09:58:19.975 +03:00 INF] Executing endpoint 'Health checks' {"EventId":{"Name":"ExecutingEndpoint"},"SourceContext":"Microsoft.AspNetCore.Routing.EndpointMiddleware","RequestId":"0HNIKPIDTG791:00000003","RequestPath":"/health","ConnectionId":"0HNIKPIDTG791","Application":"TaskManager","Environment":"Development"}
[2026-01-16 09:58:30.491 +03:00 INF] Application is shutting down... {"SourceContext":"Microsoft.Hosting.Lifetime","Application":"TaskManager","Environment":"Development"}
[2026-01-16 09:58:31.905 +03:00 ERR] Health check postgresql with status "Unhealthy" completed after 11925.1136ms with message 'Exception while reading from stream' {"EventId":{"Id":103,"Name":"HealthCheckEnd"},"SourceContext":"Microsoft.Extensions.Diagnostics.HealthChecks.DefaultHealthCheckService","RequestId":"0HNIKPIDTG791:00000003","RequestPath":"/health","ConnectionId":"0HNIKPIDTG791","Application":"TaskManager","Environment":"Development"}
Npgsql.NpgsqlException (0x80004005): Exception while reading from stream
 ---> System.IO.EndOfStreamException: Attempted to read past the end of the stream.
   at Npgsql.Internal.NpgsqlReadBuffer.<Ensure>g__EnsureLong|54_0(NpgsqlReadBuffer buffer, Int32 count, Boolean async, Boolean readingNotifications)
   at Npgsql.Internal.NpgsqlReadBuffer.<Ensure>g__EnsureLong|54_0(NpgsqlReadBuffer buffer, Int32 count, Boolean async, Boolean readingNotifications)
   at System.Runtime.CompilerServices.PoolingAsyncValueTaskMethodBuilder`1.StateMachineBox`1.System.Threading.Tasks.Sources.IValueTaskSource.GetResult(Int16 token)
   at Npgsql.Internal.NpgsqlConnector.SetupEncryption(SslMode sslMode, GssEncryptionMode gssEncryptionMode, NpgsqlTimeout timeout, Boolean async, CancellationToken cancellationToken)
   at Npgsql.Internal.NpgsqlConnector.<Open>g__OpenCore|209_0(NpgsqlConnector conn, String username, SslMode sslMode, GssEncryptionMode gssEncMode, NpgsqlTimeout timeout, Boolean async, CancellationToken cancellationToken)
   at Npgsql.Internal.NpgsqlConnector.<Open>g__OpenCore|209_0(NpgsqlConnector conn, String username, SslMode sslMode, GssEncryptionMode gssEncMode, NpgsqlTimeout timeout, Boolean async, CancellationToken cancellationToken)
   at Npgsql.Internal.NpgsqlConnector.Open(NpgsqlTimeout timeout, Boolean async, CancellationToken cancellationToken)
   at Npgsql.PoolingDataSource.OpenNewConnector(NpgsqlConnection conn, NpgsqlTimeout timeout, Boolean async, CancellationToken cancellationToken)
   at Npgsql.PoolingDataSource.<Get>g__RentAsync|33_0(NpgsqlConnection conn, NpgsqlTimeout timeout, Boolean async, CancellationToken cancellationToken)
   at Npgsql.NpgsqlConnection.<Open>g__OpenAsync|42_0(Boolean async, CancellationToken cancellationToken)
   at HealthChecks.NpgSql.NpgSqlHealthCheck.CheckHealthAsync(HealthCheckContext context, CancellationToken cancellationToken) in /home/runner/work/AspNetCore.Diagnostics.HealthChecks/AspNetCore.Diagnostics.HealthChecks/src/HealthChecks.NpgSql/NpgSqlHealthCheck.cs:line 31
   at HealthChecks.NpgSql.NpgSqlHealthCheck.CheckHealthAsync(HealthCheckContext context, CancellationToken cancellationToken) in /home/runner/work/AspNetCore.Diagnostics.HealthChecks/AspNetCore.Diagnostics.HealthChecks/src/HealthChecks.NpgSql/NpgSqlHealthCheck.cs:line 37
[2026-01-16 09:58:31.925 +03:00 INF] Executed endpoint 'Health checks' {"EventId":{"Id":1,"Name":"ExecutedEndpoint"},"SourceContext":"Microsoft.AspNetCore.Routing.EndpointMiddleware","RequestId":"0HNIKPIDTG791:00000003","RequestPath":"/health","ConnectionId":"0HNIKPIDTG791","Application":"TaskManager","Environment":"Development"}
[2026-01-16 09:58:31.926 +03:00 ERR] HTTP GET /health responded 503 in 11950.9467 ms {"SourceContext":"Serilog.AspNetCore.RequestLoggingMiddleware","RequestId":"0HNIKPIDTG791:00000003","ConnectionId":"0HNIKPIDTG791","Application":"TaskManager","Environment":"Development"}
[2026-01-16 09:58:31.926 +03:00 INF] Request finished HTTP/1.1 GET http://localhost:5071/health - 503 null application/json; charset=utf-8 11951.8014ms {"EventId":{"Id":2},"SourceContext":"Microsoft.AspNetCore.Hosting.Diagnostics","RequestId":"0HNIKPIDTG791:00000003","RequestPath":"/health","ConnectionId":"0HNIKPIDTG791","Application":"TaskManager","Environment":"Development"}
