[2026-01-13 11:10:58.892 +03:00 INF] Запуск приложения {"Application":"TaskManager"}
[2026-01-13 11:10:59.060 +03:00 INF] Приложение запустилось {"Application":"TaskManager"}
[2026-01-13 11:11:16.172 +03:00 INF] HTTP GET /swagger/index.html responded 200 in 55.2337 ms {"SourceContext":"Serilog.AspNetCore.RequestLoggingMiddleware","RequestId":"0HNIIFD9GL9F4:00000001","ConnectionId":"0HNIIFD9GL9F4","Application":"TaskManager"}
[2026-01-13 11:11:16.400 +03:00 INF] HTTP GET /swagger/v1/swagger.json responded 200 in 87.5559 ms {"SourceContext":"Serilog.AspNetCore.RequestLoggingMiddleware","RequestId":"0HNIIFD9GL9F4:00000003","ConnectionId":"0HNIIFD9GL9F4","Application":"TaskManager"}
[2026-01-13 11:11:36.970 +03:00 WRN] Failed to determine the https port for redirect. {"EventId":{"Id":3,"Name":"FailedToDeterminePort"},"SourceContext":"Microsoft.AspNetCore.HttpsPolicy.HttpsRedirectionMiddleware","RequestId":"0HNIIFD9GL9F4:00000004","RequestPath":"/api/Tasks/paged","ConnectionId":"0HNIIFD9GL9F4","Application":"TaskManager"}
[2026-01-13 11:11:37.059 +03:00 INF] Получение задач: страница 1, размер 5 {"SourceContext":"TaskManager.Application.Services.TaskService","ActionId":"3d4c40fc-3d55-4012-a92d-6e282e6960cd","ActionName":"TaskManager.API.Controllers.TasksController.GetPaged (TaskManager.API)","RequestId":"0HNIIFD9GL9F4:00000004","RequestPath":"/api/Tasks/paged","ConnectionId":"0HNIIFD9GL9F4","Application":"TaskManager"}
[2026-01-13 11:11:45.272 +03:00 INF] HTTP GET /api/Tasks/paged responded 200 in 8309.0426 ms {"SourceContext":"Serilog.AspNetCore.RequestLoggingMiddleware","RequestId":"0HNIIFD9GL9F4:00000004","ConnectionId":"0HNIIFD9GL9F4","Application":"TaskManager"}
[2026-01-13 11:57:59.577 +03:00 INF] Запуск приложения {"Application":"TaskManager"}
[2026-01-13 11:57:59.744 +03:00 INF] Приложение запустилось {"Application":"TaskManager"}
[2026-01-13 11:58:03.773 +03:00 INF] HTTP GET /swagger/index.html responded 200 in 56.1513 ms {"SourceContext":"Serilog.AspNetCore.RequestLoggingMiddleware","RequestId":"0HNIIG7E80L41:00000001","ConnectionId":"0HNIIG7E80L41","Application":"TaskManager"}
[2026-01-13 11:58:03.999 +03:00 INF] HTTP GET /swagger/v1/swagger.json responded 200 in 82.6991 ms {"SourceContext":"Serilog.AspNetCore.RequestLoggingMiddleware","RequestId":"0HNIIG7E80L41:00000002","ConnectionId":"0HNIIG7E80L41","Application":"TaskManager"}
[2026-01-13 11:58:25.626 +03:00 WRN] Failed to determine the https port for redirect. {"EventId":{"Id":3,"Name":"FailedToDeterminePort"},"SourceContext":"Microsoft.AspNetCore.HttpsPolicy.HttpsRedirectionMiddleware","RequestId":"0HNIIG7E80L41:00000003","RequestPath":"/api/Tasks/paged","ConnectionId":"0HNIIG7E80L41","Application":"TaskManager"}
[2026-01-13 11:58:25.721 +03:00 INF] Получение задач с фильтрами: страница 1, размер 5, статус 1, приоритет 1, сортировка CreatedAt desc {"SourceContext":"TaskManager.Application.Services.TaskService","ActionId":"fa7dda01-f900-42e0-85a4-80c74e4411c0","ActionName":"TaskManager.API.Controllers.TasksController.GetPaged (TaskManager.API)","RequestId":"0HNIIG7E80L41:00000003","RequestPath":"/api/Tasks/paged","ConnectionId":"0HNIIG7E80L41","Application":"TaskManager"}
[2026-01-13 11:58:25.721 +03:00 WRN] Некорректное поле сортировки: CreatedAt {"SourceContext":"TaskManager.Application.Services.TaskService","ActionId":"fa7dda01-f900-42e0-85a4-80c74e4411c0","ActionName":"TaskManager.API.Controllers.TasksController.GetPaged (TaskManager.API)","RequestId":"0HNIIG7E80L41:00000003","RequestPath":"/api/Tasks/paged","ConnectionId":"0HNIIG7E80L41","Application":"TaskManager"}
[2026-01-13 11:58:33.943 +03:00 INF] Получено 1 задач из 1 (страница 1/1) {"SourceContext":"TaskManager.Application.Services.TaskService","ActionId":"fa7dda01-f900-42e0-85a4-80c74e4411c0","ActionName":"TaskManager.API.Controllers.TasksController.GetPaged (TaskManager.API)","RequestId":"0HNIIG7E80L41:00000003","RequestPath":"/api/Tasks/paged","ConnectionId":"0HNIIG7E80L41","Application":"TaskManager"}
[2026-01-13 11:58:33.972 +03:00 INF] HTTP GET /api/Tasks/paged responded 200 in 8351.4148 ms {"SourceContext":"Serilog.AspNetCore.RequestLoggingMiddleware","RequestId":"0HNIIG7E80L41:00000003","ConnectionId":"0HNIIG7E80L41","Application":"TaskManager"}
[2026-01-13 11:58:46.674 +03:00 INF] Получение задач с фильтрами: страница 1, размер 5, статус 1, приоритет 2, сортировка CreatedAt desc {"SourceContext":"TaskManager.Application.Services.TaskService","ActionId":"fa7dda01-f900-42e0-85a4-80c74e4411c0","ActionName":"TaskManager.API.Controllers.TasksController.GetPaged (TaskManager.API)","RequestId":"0HNIIG7E80L41:00000004","RequestPath":"/api/Tasks/paged","ConnectionId":"0HNIIG7E80L41","Application":"TaskManager"}
[2026-01-13 11:58:46.675 +03:00 WRN] Некорректное поле сортировки: CreatedAt {"SourceContext":"TaskManager.Application.Services.TaskService","ActionId":"fa7dda01-f900-42e0-85a4-80c74e4411c0","ActionName":"TaskManager.API.Controllers.TasksController.GetPaged (TaskManager.API)","RequestId":"0HNIIG7E80L41:00000004","RequestPath":"/api/Tasks/paged","ConnectionId":"0HNIIG7E80L41","Application":"TaskManager"}
[2026-01-13 11:58:46.692 +03:00 INF] Получено 2 задач из 2 (страница 1/1) {"SourceContext":"TaskManager.Application.Services.TaskService","ActionId":"fa7dda01-f900-42e0-85a4-80c74e4411c0","ActionName":"TaskManager.API.Controllers.TasksController.GetPaged (TaskManager.API)","RequestId":"0HNIIG7E80L41:00000004","RequestPath":"/api/Tasks/paged","ConnectionId":"0HNIIG7E80L41","Application":"TaskManager"}
[2026-01-13 11:58:46.693 +03:00 INF] HTTP GET /api/Tasks/paged responded 200 in 22.9724 ms {"SourceContext":"Serilog.AspNetCore.RequestLoggingMiddleware","RequestId":"0HNIIG7E80L41:00000004","ConnectionId":"0HNIIG7E80L41","Application":"TaskManager"}
[2026-01-13 15:18:50.038 +03:00 INF] Запуск приложения {"Application":"TaskManager"}
[2026-01-13 15:18:50.192 +03:00 FTL] Приложение не удалось запустить {"Application":"TaskManager"}
Microsoft.Extensions.Hosting.HostAbortedException: The host was aborted.
   at Microsoft.Extensions.Hosting.HostFactoryResolver.HostingListener.ThrowHostAborted()
   at Microsoft.Extensions.Hosting.HostFactoryResolver.HostingListener.OnNext(KeyValuePair`2 value)
   at System.Diagnostics.DiagnosticListener.Write(String name, Object value)
   at Microsoft.Extensions.Hosting.HostBuilder.ResolveHost(IServiceProvider serviceProvider, DiagnosticListener diagnosticListener)
   at Microsoft.Extensions.Hosting.HostApplicationBuilder.Build()
   at Microsoft.AspNetCore.Builder.WebApplicationBuilder.Build()
   at Program.<Main>$(String[] args) in /home/hanich/TaskManager/TaskManager.API/Program.cs:line 47
[2026-01-13 15:19:30.927 +03:00 INF] Запуск приложения {"Application":"TaskManager"}
[2026-01-13 15:19:31.029 +03:00 FTL] Приложение не удалось запустить {"Application":"TaskManager"}
Microsoft.Extensions.Hosting.HostAbortedException: The host was aborted.
   at Microsoft.Extensions.Hosting.HostFactoryResolver.HostingListener.ThrowHostAborted()
   at Microsoft.Extensions.Hosting.HostFactoryResolver.HostingListener.OnNext(KeyValuePair`2 value)
   at System.Diagnostics.DiagnosticListener.Write(String name, Object value)
   at Microsoft.Extensions.Hosting.HostBuilder.ResolveHost(IServiceProvider serviceProvider, DiagnosticListener diagnosticListener)
   at Microsoft.Extensions.Hosting.HostApplicationBuilder.Build()
   at Microsoft.AspNetCore.Builder.WebApplicationBuilder.Build()
   at Program.<Main>$(String[] args) in /home/hanich/TaskManager/TaskManager.API/Program.cs:line 47
[2026-01-13 15:20:08.098 +03:00 INF] Запуск приложения {"Application":"TaskManager"}
[2026-01-13 15:20:08.197 +03:00 FTL] Приложение не удалось запустить {"Application":"TaskManager"}
Microsoft.Extensions.Hosting.HostAbortedException: The host was aborted.
   at Microsoft.Extensions.Hosting.HostFactoryResolver.HostingListener.ThrowHostAborted()
   at Microsoft.Extensions.Hosting.HostFactoryResolver.HostingListener.OnNext(KeyValuePair`2 value)
   at System.Diagnostics.DiagnosticListener.Write(String name, Object value)
   at Microsoft.Extensions.Hosting.HostBuilder.ResolveHost(IServiceProvider serviceProvider, DiagnosticListener diagnosticListener)
   at Microsoft.Extensions.Hosting.HostApplicationBuilder.Build()
   at Microsoft.AspNetCore.Builder.WebApplicationBuilder.Build()
   at Program.<Main>$(String[] args) in /home/hanich/TaskManager/TaskManager.API/Program.cs:line 47
[2026-01-13 15:20:19.960 +03:00 INF] Запуск приложения {"Application":"TaskManager"}
[2026-01-13 15:20:20.062 +03:00 FTL] Приложение не удалось запустить {"Application":"TaskManager"}
Microsoft.Extensions.Hosting.HostAbortedException: The host was aborted.
   at Microsoft.Extensions.Hosting.HostFactoryResolver.HostingListener.ThrowHostAborted()
   at Microsoft.Extensions.Hosting.HostFactoryResolver.HostingListener.OnNext(KeyValuePair`2 value)
   at System.Diagnostics.DiagnosticListener.Write(String name, Object value)
   at Microsoft.Extensions.Hosting.HostBuilder.ResolveHost(IServiceProvider serviceProvider, DiagnosticListener diagnosticListener)
   at Microsoft.Extensions.Hosting.HostApplicationBuilder.Build()
   at Microsoft.AspNetCore.Builder.WebApplicationBuilder.Build()
   at Program.<Main>$(String[] args) in /home/hanich/TaskManager/TaskManager.API/Program.cs:line 47
[2026-01-13 15:20:28.456 +03:00 INF] Запуск приложения {"Application":"TaskManager"}
[2026-01-13 15:20:28.557 +03:00 FTL] Приложение не удалось запустить {"Application":"TaskManager"}
Microsoft.Extensions.Hosting.HostAbortedException: The host was aborted.
   at Microsoft.Extensions.Hosting.HostFactoryResolver.HostingListener.ThrowHostAborted()
   at Microsoft.Extensions.Hosting.HostFactoryResolver.HostingListener.OnNext(KeyValuePair`2 value)
   at System.Diagnostics.DiagnosticListener.Write(String name, Object value)
   at Microsoft.Extensions.Hosting.HostBuilder.ResolveHost(IServiceProvider serviceProvider, DiagnosticListener diagnosticListener)
   at Microsoft.Extensions.Hosting.HostApplicationBuilder.Build()
   at Microsoft.AspNetCore.Builder.WebApplicationBuilder.Build()
   at Program.<Main>$(String[] args) in /home/hanich/TaskManager/TaskManager.API/Program.cs:line 47
[2026-01-13 15:22:10.986 +03:00 INF] Запуск приложения {"Application":"TaskManager"}
[2026-01-13 15:22:11.086 +03:00 FTL] Приложение не удалось запустить {"Application":"TaskManager"}
Microsoft.Extensions.Hosting.HostAbortedException: The host was aborted.
   at Microsoft.Extensions.Hosting.HostFactoryResolver.HostingListener.ThrowHostAborted()
   at Microsoft.Extensions.Hosting.HostFactoryResolver.HostingListener.OnNext(KeyValuePair`2 value)
   at System.Diagnostics.DiagnosticListener.Write(String name, Object value)
   at Microsoft.Extensions.Hosting.HostBuilder.ResolveHost(IServiceProvider serviceProvider, DiagnosticListener diagnosticListener)
   at Microsoft.Extensions.Hosting.HostApplicationBuilder.Build()
   at Microsoft.AspNetCore.Builder.WebApplicationBuilder.Build()
   at Program.<Main>$(String[] args) in /home/hanich/TaskManager/TaskManager.API/Program.cs:line 47
[2026-01-13 15:22:14.685 +03:00 INF] Запуск приложения {"Application":"TaskManager"}
[2026-01-13 15:22:14.694 +03:00 FTL] Приложение не удалось запустить {"Application":"TaskManager"}
Microsoft.Extensions.Hosting.HostAbortedException: The host was aborted.
   at Microsoft.Extensions.Hosting.HostFactoryResolver.HostingListener.ThrowHostAborted()
   at Microsoft.Extensions.Hosting.HostFactoryResolver.HostingListener.OnNext(KeyValuePair`2 value)
   at System.Diagnostics.DiagnosticListener.Write(String name, Object value)
   at Microsoft.Extensions.Hosting.HostBuilder.ResolveHost(IServiceProvider serviceProvider, DiagnosticListener diagnosticListener)
   at Microsoft.Extensions.Hosting.HostApplicationBuilder.Build()
   at Microsoft.AspNetCore.Builder.WebApplicationBuilder.Build()
   at Program.<Main>$(String[] args) in /home/hanich/TaskManager/TaskManager.API/Program.cs:line 47
[2026-01-13 15:22:38.778 +03:00 INF] Запуск приложения {"Application":"TaskManager"}
[2026-01-13 15:22:38.878 +03:00 FTL] Приложение не удалось запустить {"Application":"TaskManager"}
Microsoft.Extensions.Hosting.HostAbortedException: The host was aborted.
   at Microsoft.Extensions.Hosting.HostFactoryResolver.HostingListener.ThrowHostAborted()
   at Microsoft.Extensions.Hosting.HostFactoryResolver.HostingListener.OnNext(KeyValuePair`2 value)
   at System.Diagnostics.DiagnosticListener.Write(String name, Object value)
   at Microsoft.Extensions.Hosting.HostBuilder.ResolveHost(IServiceProvider serviceProvider, DiagnosticListener diagnosticListener)
   at Microsoft.Extensions.Hosting.HostApplicationBuilder.Build()
   at Microsoft.AspNetCore.Builder.WebApplicationBuilder.Build()
   at Program.<Main>$(String[] args) in /home/hanich/TaskManager/TaskManager.API/Program.cs:line 47
[2026-01-13 15:25:15.454 +03:00 INF] Запуск приложения {"Application":"TaskManager"}
[2026-01-13 15:25:15.667 +03:00 INF] Приложение запустилось {"Application":"TaskManager"}
[2026-01-13 15:25:21.554 +03:00 INF] HTTP GET /swagger/v1/swagger.json responded 200 in 91.2804 ms {"SourceContext":"Serilog.AspNetCore.RequestLoggingMiddleware","RequestId":"0HNIIJR8VACDD:00000002","ConnectionId":"0HNIIJR8VACDD","Application":"TaskManager"}
[2026-01-13 19:34:16.746 +03:00 INF] Запуск приложения {"Application":"TaskManager"}
[2026-01-13 19:34:16.950 +03:00 INF] Приложение запустилось {"Application":"TaskManager"}
[2026-01-13 19:34:22.438 +03:00 INF] HTTP GET /swagger/index.html responded 200 in 56.8961 ms {"SourceContext":"Serilog.AspNetCore.RequestLoggingMiddleware","RequestId":"0HNIIO6DNA0M0:00000001","ConnectionId":"0HNIIO6DNA0M0","Application":"TaskManager"}
[2026-01-13 19:34:22.607 +03:00 INF] HTTP GET /swagger/v1/swagger.json responded 200 in 96.2027 ms {"SourceContext":"Serilog.AspNetCore.RequestLoggingMiddleware","RequestId":"0HNIIO6DNA0M0:00000002","ConnectionId":"0HNIIO6DNA0M0","Application":"TaskManager"}
[2026-01-13 19:40:12.569 +03:00 INF] Запуск приложения {"Application":"TaskManager"}
[2026-01-13 19:40:12.744 +03:00 INF] Приложение запустилось {"Application":"TaskManager"}
[2026-01-13 19:40:24.136 +03:00 INF] HTTP GET /swagger/index.html responded 200 in 57.1516 ms {"SourceContext":"Serilog.AspNetCore.RequestLoggingMiddleware","RequestId":"0HNIIO9PGN6UL:00000001","ConnectionId":"0HNIIO9PGN6UL","Application":"TaskManager"}
[2026-01-13 19:40:24.389 +03:00 INF] HTTP GET /swagger/v1/swagger.json responded 200 in 93.3018 ms {"SourceContext":"Serilog.AspNetCore.RequestLoggingMiddleware","RequestId":"0HNIIO9PGN6UL:00000003","ConnectionId":"0HNIIO9PGN6UL","Application":"TaskManager"}
[2026-01-13 19:40:34.176 +03:00 WRN] Failed to determine the https port for redirect. {"EventId":{"Id":3,"Name":"FailedToDeterminePort"},"SourceContext":"Microsoft.AspNetCore.HttpsPolicy.HttpsRedirectionMiddleware","RequestId":"0HNIIO9PGN6UL:00000004","RequestPath":"/api/Users","ConnectionId":"0HNIIO9PGN6UL","Application":"TaskManager"}
[2026-01-13 19:40:34.313 +03:00 INF] Создание пользователя: new.user@example.com {"SourceContext":"TaskManager.Application.Services.UserService","ActionId":"25eb7a46-d292-4b7a-807e-cd0264c47503","ActionName":"TaskManager.API.Controllers.UsersController.Create (TaskManager.API)","RequestId":"0HNIIO9PGN6UL:00000004","RequestPath":"/api/Users","ConnectionId":"0HNIIO9PGN6UL","Application":"TaskManager"}
[2026-01-13 19:40:42.687 +03:00 INF] Создан пользователь "699936ea-6442-439e-9f82-e6fa266c1acc": new.user@example.com {"SourceContext":"TaskManager.Application.Services.UserService","ActionId":"25eb7a46-d292-4b7a-807e-cd0264c47503","ActionName":"TaskManager.API.Controllers.UsersController.Create (TaskManager.API)","RequestId":"0HNIIO9PGN6UL:00000004","RequestPath":"/api/Users","ConnectionId":"0HNIIO9PGN6UL","Application":"TaskManager"}
[2026-01-13 19:40:42.707 +03:00 INF] HTTP POST /api/Users responded 201 in 8535.1246 ms {"SourceContext":"Serilog.AspNetCore.RequestLoggingMiddleware","RequestId":"0HNIIO9PGN6UL:00000004","ConnectionId":"0HNIIO9PGN6UL","Application":"TaskManager"}
[2026-01-13 19:40:54.894 +03:00 INF] Получение всех пользователей {"SourceContext":"TaskManager.Application.Services.UserService","ActionId":"48c07e03-02b3-4db5-a481-23e90175c72d","ActionName":"TaskManager.API.Controllers.UsersController.GetAll (TaskManager.API)","RequestId":"0HNIIO9PGN6UL:00000005","RequestPath":"/api/Users","ConnectionId":"0HNIIO9PGN6UL","Application":"TaskManager"}
[2026-01-13 19:40:54.957 +03:00 INF] HTTP GET /api/Users responded 200 in 71.1326 ms {"SourceContext":"Serilog.AspNetCore.RequestLoggingMiddleware","RequestId":"0HNIIO9PGN6UL:00000005","ConnectionId":"0HNIIO9PGN6UL","Application":"TaskManager"}
[2026-01-13 19:41:23.210 +03:00 INF] Получение детальной информации о пользователе "3fa85f64-5717-4562-b3fc-2c963f66afa6" {"SourceContext":"TaskManager.Application.Services.UserService","ActionId":"e5185ca8-a1fa-4cfb-8163-3e4504ffd3eb","ActionName":"TaskManager.API.Controllers.UsersController.GetDetails (TaskManager.API)","RequestId":"0HNIIO9PGN6UL:00000006","RequestPath":"/api/Users/3fa85f64-5717-4562-b3fc-2c963f66afa6/details","ConnectionId":"0HNIIO9PGN6UL","Application":"TaskManager"}
[2026-01-13 19:41:23.304 +03:00 WRN] Compiling a query which loads related collections for more than one collection navigation, either via 'Include' or through projection, but no 'QuerySplittingBehavior' has been configured. By default, Entity Framework will use 'QuerySplittingBehavior.SingleQuery', which can potentially result in slow query performance. See https://go.microsoft.com/fwlink/?linkid=2134277 for more information. To identify the query that's triggering this warning call 'ConfigureWarnings(w => w.Throw(RelationalEventId.MultipleCollectionIncludeWarning))'. {"EventId":{"Id":20504,"Name":"Microsoft.EntityFrameworkCore.Query.MultipleCollectionIncludeWarning"},"SourceContext":"Microsoft.EntityFrameworkCore.Query","ActionId":"e5185ca8-a1fa-4cfb-8163-3e4504ffd3eb","ActionName":"TaskManager.API.Controllers.UsersController.GetDetails (TaskManager.API)","RequestId":"0HNIIO9PGN6UL:00000006","RequestPath":"/api/Users/3fa85f64-5717-4562-b3fc-2c963f66afa6/details","ConnectionId":"0HNIIO9PGN6UL","Application":"TaskManager"}
[2026-01-13 19:41:23.321 +03:00 WRN] Пользователь "3fa85f64-5717-4562-b3fc-2c963f66afa6" не найден {"SourceContext":"TaskManager.Application.Services.UserService","ActionId":"e5185ca8-a1fa-4cfb-8163-3e4504ffd3eb","ActionName":"TaskManager.API.Controllers.UsersController.GetDetails (TaskManager.API)","RequestId":"0HNIIO9PGN6UL:00000006","RequestPath":"/api/Users/3fa85f64-5717-4562-b3fc-2c963f66afa6/details","ConnectionId":"0HNIIO9PGN6UL","Application":"TaskManager"}
[2026-01-13 19:41:23.324 +03:00 INF] HTTP GET /api/Users/3fa85f64-5717-4562-b3fc-2c963f66afa6/details responded 404 in 124.2650 ms {"SourceContext":"Serilog.AspNetCore.RequestLoggingMiddleware","RequestId":"0HNIIO9PGN6UL:00000006","ConnectionId":"0HNIIO9PGN6UL","Application":"TaskManager"}
[2026-01-13 19:41:38.011 +03:00 INF] Получение детальной информации о пользователе "699936ea-6442-439e-9f82-e6fa266c1acc" {"SourceContext":"TaskManager.Application.Services.UserService","ActionId":"e5185ca8-a1fa-4cfb-8163-3e4504ffd3eb","ActionName":"TaskManager.API.Controllers.UsersController.GetDetails (TaskManager.API)","RequestId":"0HNIIO9PGN6UL:00000007","RequestPath":"/api/Users/699936ea-6442-439e-9f82-e6fa266c1acc/details","ConnectionId":"0HNIIO9PGN6UL","Application":"TaskManager"}
[2026-01-13 19:41:38.034 +03:00 INF] HTTP GET /api/Users/699936ea-6442-439e-9f82-e6fa266c1acc/details responded 200 in 24.4722 ms {"SourceContext":"Serilog.AspNetCore.RequestLoggingMiddleware","RequestId":"0HNIIO9PGN6UL:00000007","ConnectionId":"0HNIIO9PGN6UL","Application":"TaskManager"}
[2026-01-13 19:42:16.251 +03:00 INF] Создание проекта: Новый проект {"SourceContext":"TaskManager.Application.Services.ProjectService","ActionId":"42663525-53f9-4a3f-88dc-d5a4c7d62f56","ActionName":"TaskManager.API.Controllers.ProjectsController.Create (TaskManager.API)","RequestId":"0HNIIO9PGN6UL:00000008","RequestPath":"/api/Projects","ConnectionId":"0HNIIO9PGN6UL","Application":"TaskManager"}
[2026-01-13 19:42:16.294 +03:00 WRN] Compiling a query which loads related collections for more than one collection navigation, either via 'Include' or through projection, but no 'QuerySplittingBehavior' has been configured. By default, Entity Framework will use 'QuerySplittingBehavior.SingleQuery', which can potentially result in slow query performance. See https://go.microsoft.com/fwlink/?linkid=2134277 for more information. To identify the query that's triggering this warning call 'ConfigureWarnings(w => w.Throw(RelationalEventId.MultipleCollectionIncludeWarning))'. {"EventId":{"Id":20504,"Name":"Microsoft.EntityFrameworkCore.Query.MultipleCollectionIncludeWarning"},"SourceContext":"Microsoft.EntityFrameworkCore.Query","ActionId":"42663525-53f9-4a3f-88dc-d5a4c7d62f56","ActionName":"TaskManager.API.Controllers.ProjectsController.Create (TaskManager.API)","RequestId":"0HNIIO9PGN6UL:00000008","RequestPath":"/api/Projects","ConnectionId":"0HNIIO9PGN6UL","Application":"TaskManager"}
[2026-01-13 19:42:16.321 +03:00 INF] Создан проект "1c238845-2a08-4087-9bc6-389febeb78b2": Новый проект {"SourceContext":"TaskManager.Application.Services.ProjectService","ActionId":"42663525-53f9-4a3f-88dc-d5a4c7d62f56","ActionName":"TaskManager.API.Controllers.ProjectsController.Create (TaskManager.API)","RequestId":"0HNIIO9PGN6UL:00000008","RequestPath":"/api/Projects","ConnectionId":"0HNIIO9PGN6UL","Application":"TaskManager"}
[2026-01-13 19:42:16.322 +03:00 INF] HTTP POST /api/Projects responded 201 in 87.6671 ms {"SourceContext":"Serilog.AspNetCore.RequestLoggingMiddleware","RequestId":"0HNIIO9PGN6UL:00000008","ConnectionId":"0HNIIO9PGN6UL","Application":"TaskManager"}
[2026-01-13 19:43:00.626 +03:00 INF] Получение детальной информации о пользователе "699936ea-6442-439e-9f82-e6fa266c1acc" {"SourceContext":"TaskManager.Application.Services.UserService","ActionId":"e5185ca8-a1fa-4cfb-8163-3e4504ffd3eb","ActionName":"TaskManager.API.Controllers.UsersController.GetDetails (TaskManager.API)","RequestId":"0HNIIO9PGN6UL:00000009","RequestPath":"/api/Users/699936ea-6442-439e-9f82-e6fa266c1acc/details","ConnectionId":"0HNIIO9PGN6UL","Application":"TaskManager"}
[2026-01-13 19:43:00.629 +03:00 INF] HTTP GET /api/Users/699936ea-6442-439e-9f82-e6fa266c1acc/details responded 200 in 3.4934 ms {"SourceContext":"Serilog.AspNetCore.RequestLoggingMiddleware","RequestId":"0HNIIO9PGN6UL:00000009","ConnectionId":"0HNIIO9PGN6UL","Application":"TaskManager"}
