[2026-02-17 11:59:03.632 +03:00 INF] Запуск приложения TaskManager {"Application":"TaskManager","Environment":"Development"}
[2026-02-17 11:59:04.565 +03:00 INF] Приложение успешно запущено {"Application":"TaskManager","Environment":"Development"}
[2026-02-17 11:59:04.605 +03:00 INF] User profile is available. Using 'C:\Users\dmitr\AppData\Local\ASP.NET\DataProtection-Keys' as key repository and Windows DPAPI to encrypt keys at rest. {"EventId":{"Id":63,"Name":"UsingProfileAsKeyRepositoryWithDPAPI"},"SourceContext":"Microsoft.AspNetCore.DataProtection.KeyManagement.XmlKeyManager","Application":"TaskManager","Environment":"Development"}
[2026-02-17 11:59:04.673 +03:00 INF] Creating key {418b6e33-41ef-4ec7-8b9f-2e79a0f88588} with creation date 2026-02-17 08:59:04Z, activation date 2026-02-17 08:59:04Z, and expiration date 2026-05-18 08:59:04Z. {"EventId":{"Id":58,"Name":"CreatingKey"},"SourceContext":"Microsoft.AspNetCore.DataProtection.KeyManagement.XmlKeyManager","Application":"TaskManager","Environment":"Development"}
[2026-02-17 11:59:04.693 +03:00 INF] Writing data to file 'C:\Users\dmitr\AppData\Local\ASP.NET\DataProtection-Keys\key-418b6e33-41ef-4ec7-8b9f-2e79a0f88588.xml'. {"EventId":{"Id":39,"Name":"WritingDataToFile"},"SourceContext":"Microsoft.AspNetCore.DataProtection.Repositories.FileSystemXmlRepository","Application":"TaskManager","Environment":"Development"}
[2026-02-17 11:59:05.080 +03:00 INF] Now listening on: https://localhost:7299 {"EventId":{"Id":14,"Name":"ListeningOnAddress"},"SourceContext":"Microsoft.Hosting.Lifetime","Application":"TaskManager","Environment":"Development"}
[2026-02-17 11:59:05.090 +03:00 INF] Now listening on: http://localhost:5071 {"EventId":{"Id":14,"Name":"ListeningOnAddress"},"SourceContext":"Microsoft.Hosting.Lifetime","Application":"TaskManager","Environment":"Development"}
[2026-02-17 11:59:05.154 +03:00 INF] Application started. Press Ctrl+C to shut down. {"SourceContext":"Microsoft.Hosting.Lifetime","Application":"TaskManager","Environment":"Development"}
[2026-02-17 11:59:05.158 +03:00 INF] Hosting environment: Development {"SourceContext":"Microsoft.Hosting.Lifetime","Application":"TaskManager","Environment":"Development"}
[2026-02-17 11:59:05.163 +03:00 INF] Content root path: D:\Менеджер задач\TaskManager.API {"SourceContext":"Microsoft.Hosting.Lifetime","Application":"TaskManager","Environment":"Development"}
[2026-02-17 12:00:09.670 +03:00 INF] Запуск приложения TaskManager {"Application":"TaskManager","Environment":"Development"}
[2026-02-17 12:00:09.889 +03:00 INF] Приложение успешно запущено {"Application":"TaskManager","Environment":"Development"}
[2026-02-17 12:00:09.915 +03:00 INF] User profile is available. Using 'C:\Users\dmitr\AppData\Local\ASP.NET\DataProtection-Keys' as key repository and Windows DPAPI to encrypt keys at rest. {"EventId":{"Id":63,"Name":"UsingProfileAsKeyRepositoryWithDPAPI"},"SourceContext":"Microsoft.AspNetCore.DataProtection.KeyManagement.XmlKeyManager","Application":"TaskManager","Environment":"Development"}
[2026-02-17 12:00:10.021 +03:00 INF] Now listening on: http://localhost:5071 {"EventId":{"Id":14,"Name":"ListeningOnAddress"},"SourceContext":"Microsoft.Hosting.Lifetime","Application":"TaskManager","Environment":"Development"}
[2026-02-17 12:00:10.027 +03:00 INF] Application started. Press Ctrl+C to shut down. {"SourceContext":"Microsoft.Hosting.Lifetime","Application":"TaskManager","Environment":"Development"}
[2026-02-17 12:00:10.031 +03:00 INF] Hosting environment: Development {"SourceContext":"Microsoft.Hosting.Lifetime","Application":"TaskManager","Environment":"Development"}
[2026-02-17 12:00:10.034 +03:00 INF] Content root path: D:\Менеджер задач\TaskManager.API {"SourceContext":"Microsoft.Hosting.Lifetime","Application":"TaskManager","Environment":"Development"}
[2026-02-17 12:00:28.181 +03:00 INF] Request starting HTTP/1.1 GET http://localhost:5071/ - null null {"EventId":{"Id":1},"SourceContext":"Microsoft.AspNetCore.Hosting.Diagnostics","RequestId":"0HNJE0BVGSBRC:00000001","RequestPath":"/","ConnectionId":"0HNJE0BVGSBRC","Application":"TaskManager","Environment":"Development"}
[2026-02-17 12:00:28.223 +03:00 WRN] Failed to determine the https port for redirect. {"EventId":{"Id":3,"Name":"FailedToDeterminePort"},"SourceContext":"Microsoft.AspNetCore.HttpsPolicy.HttpsRedirectionMiddleware","RequestId":"0HNJE0BVGSBRC:00000001","RequestPath":"/","ConnectionId":"0HNJE0BVGSBRC","Application":"TaskManager","Environment":"Development"}
[2026-02-17 12:00:29.898 +03:00 INF] HTTP GET / responded 404 in 1675.0798 ms {"SourceContext":"Serilog.AspNetCore.RequestLoggingMiddleware","RequestId":"0HNJE0BVGSBRC:00000001","ConnectionId":"0HNJE0BVGSBRC","Application":"TaskManager","Environment":"Development"}
[2026-02-17 12:00:29.912 +03:00 INF] Request finished HTTP/1.1 GET http://localhost:5071/ - 404 0 null 1732.2831ms {"EventId":{"Id":2},"SourceContext":"Microsoft.AspNetCore.Hosting.Diagnostics","RequestId":"0HNJE0BVGSBRC:00000001","RequestPath":"/","ConnectionId":"0HNJE0BVGSBRC","Application":"TaskManager","Environment":"Development"}
[2026-02-17 12:00:29.928 +03:00 INF] Request reached the end of the middleware pipeline without being handled by application code. Request path: GET http://localhost:5071/, Response status code: 404 {"EventId":{"Id":16},"SourceContext":"Microsoft.AspNetCore.Hosting.Diagnostics","RequestId":"0HNJE0BVGSBRC:00000001","RequestPath":"/","ConnectionId":"0HNJE0BVGSBRC","Application":"TaskManager","Environment":"Development"}
[2026-02-17 12:01:28.438 +03:00 INF] Request starting HTTP/1.1 GET http://localhost:5071/health - null null {"EventId":{"Id":1},"SourceContext":"Microsoft.AspNetCore.Hosting.Diagnostics","RequestId":"0HNJE0BVGSBRC:00000002","RequestPath":"/health","ConnectionId":"0HNJE0BVGSBRC","Application":"TaskManager","Environment":"Development"}
[2026-02-17 12:01:28.457 +03:00 INF] Executing endpoint 'Health checks' {"EventId":{"Name":"ExecutingEndpoint"},"SourceContext":"Microsoft.AspNetCore.Routing.EndpointMiddleware","RequestId":"0HNJE0BVGSBRC:00000002","RequestPath":"/health","ConnectionId":"0HNJE0BVGSBRC","Application":"TaskManager","Environment":"Development"}
[2026-02-17 12:01:30.653 +03:00 ERR] Health check postgresql with status "Unhealthy" completed after 2176.2223ms with message 'Failed to connect to 127.0.0.1:5432' {"EventId":{"Id":103,"Name":"HealthCheckEnd"},"SourceContext":"Microsoft.Extensions.Diagnostics.HealthChecks.DefaultHealthCheckService","RequestId":"0HNJE0BVGSBRC:00000002","RequestPath":"/health","ConnectionId":"0HNJE0BVGSBRC","Application":"TaskManager","Environment":"Development"}
Npgsql.NpgsqlException (0x80004005): Failed to connect to 127.0.0.1:5432
 ---> System.Net.Sockets.SocketException (10061): Подключение не установлено, т.к. конечный компьютер отверг запрос на подключение.
   at System.Net.Sockets.Socket.AwaitableSocketAsyncEventArgs.ThrowException(SocketError error, CancellationToken cancellationToken)
   at System.Net.Sockets.Socket.AwaitableSocketAsyncEventArgs.System.Threading.Tasks.Sources.IValueTaskSource.GetResult(Int16 token)
   at Npgsql.Internal.NpgsqlConnector.ConnectAsync(NpgsqlTimeout timeout, CancellationToken cancellationToken)
   at Npgsql.Internal.NpgsqlConnector.ConnectAsync(NpgsqlTimeout timeout, CancellationToken cancellationToken)
   at Npgsql.Internal.NpgsqlConnector.RawOpen(NpgsqlTimeout timeout, Boolean async, CancellationToken cancellationToken)
   at Npgsql.Internal.NpgsqlConnector.<Open>g__OpenCore|209_0(NpgsqlConnector conn, String username, SslMode sslMode, GssEncryptionMode gssEncMode, NpgsqlTimeout timeout, Boolean async, CancellationToken cancellationToken)
   at Npgsql.Internal.NpgsqlConnector.Open(NpgsqlTimeout timeout, Boolean async, CancellationToken cancellationToken)
   at Npgsql.PoolingDataSource.OpenNewConnector(NpgsqlConnection conn, NpgsqlTimeout timeout, Boolean async, CancellationToken cancellationToken)
   at Npgsql.PoolingDataSource.<Get>g__RentAsync|33_0(NpgsqlConnection conn, NpgsqlTimeout timeout, Boolean async, CancellationToken cancellationToken)
   at Npgsql.NpgsqlConnection.<Open>g__OpenAsync|42_0(Boolean async, CancellationToken cancellationToken)
   at HealthChecks.NpgSql.NpgSqlHealthCheck.CheckHealthAsync(HealthCheckContext context, CancellationToken cancellationToken) in /home/runner/work/AspNetCore.Diagnostics.HealthChecks/AspNetCore.Diagnostics.HealthChecks/src/HealthChecks.NpgSql/NpgSqlHealthCheck.cs:line 31
   at HealthChecks.NpgSql.NpgSqlHealthCheck.CheckHealthAsync(HealthCheckContext context, CancellationToken cancellationToken) in /home/runner/work/AspNetCore.Diagnostics.HealthChecks/AspNetCore.Diagnostics.HealthChecks/src/HealthChecks.NpgSql/NpgSqlHealthCheck.cs:line 37
[2026-02-17 12:01:30.767 +03:00 INF] Executed endpoint 'Health checks' {"EventId":{"Id":1,"Name":"ExecutedEndpoint"},"SourceContext":"Microsoft.AspNetCore.Routing.EndpointMiddleware","RequestId":"0HNJE0BVGSBRC:00000002","RequestPath":"/health","ConnectionId":"0HNJE0BVGSBRC","Application":"TaskManager","Environment":"Development"}
[2026-02-17 12:01:30.787 +03:00 ERR] HTTP GET /health responded 503 in 2333.4642 ms {"SourceContext":"Serilog.AspNetCore.RequestLoggingMiddleware","RequestId":"0HNJE0BVGSBRC:00000002","ConnectionId":"0HNJE0BVGSBRC","Application":"TaskManager","Environment":"Development"}
[2026-02-17 12:01:30.796 +03:00 INF] Request finished HTTP/1.1 GET http://localhost:5071/health - 503 null application/json; charset=utf-8 2358.9814ms {"EventId":{"Id":2},"SourceContext":"Microsoft.AspNetCore.Hosting.Diagnostics","RequestId":"0HNJE0BVGSBRC:00000002","RequestPath":"/health","ConnectionId":"0HNJE0BVGSBRC","Application":"TaskManager","Environment":"Development"}
[2026-02-17 12:01:30.919 +03:00 INF] Request starting HTTP/1.1 GET http://localhost:5071/favicon.ico - null null {"EventId":{"Id":1},"SourceContext":"Microsoft.AspNetCore.Hosting.Diagnostics","RequestId":"0HNJE0BVGSBRC:00000003","RequestPath":"/favicon.ico","ConnectionId":"0HNJE0BVGSBRC","Application":"TaskManager","Environment":"Development"}
[2026-02-17 12:01:30.933 +03:00 INF] HTTP GET /favicon.ico responded 404 in 3.7336 ms {"SourceContext":"Serilog.AspNetCore.RequestLoggingMiddleware","RequestId":"0HNJE0BVGSBRC:00000003","ConnectionId":"0HNJE0BVGSBRC","Application":"TaskManager","Environment":"Development"}
[2026-02-17 12:01:30.941 +03:00 INF] Request finished HTTP/1.1 GET http://localhost:5071/favicon.ico - 404 0 null 22.1169ms {"EventId":{"Id":2},"SourceContext":"Microsoft.AspNetCore.Hosting.Diagnostics","RequestId":"0HNJE0BVGSBRC:00000003","RequestPath":"/favicon.ico","ConnectionId":"0HNJE0BVGSBRC","Application":"TaskManager","Environment":"Development"}
[2026-02-17 12:01:30.955 +03:00 INF] Request reached the end of the middleware pipeline without being handled by application code. Request path: GET http://localhost:5071/favicon.ico, Response status code: 404 {"EventId":{"Id":16},"SourceContext":"Microsoft.AspNetCore.Hosting.Diagnostics","RequestId":"0HNJE0BVGSBRC:00000003","RequestPath":"/favicon.ico","ConnectionId":"0HNJE0BVGSBRC","Application":"TaskManager","Environment":"Development"}
[2026-02-17 12:02:18.428 +03:00 INF] Application is shutting down... {"SourceContext":"Microsoft.Hosting.Lifetime","Application":"TaskManager","Environment":"Development"}
